#
# There is insufficient memory for the Java Runtime Environment to continue.
# Native memory allocation (malloc) failed to allocate 1445776 bytes for Chunk::new
# Possible reasons:
#   The system is out of physical RAM or swap space
#   The process is running with CompressedOops enabled, and the Java Heap may be blocking the growth of the native heap
# Possible solutions:
#   Reduce memory load on the system
#   Increase physical memory or swap space
#   Check if swap backing store is full
#   Decrease Java heap size (-Xmx/-Xms)
#   Decrease number of Java threads
#   Decrease Java thread stack sizes (-Xss)
#   Set larger code cache with -XX:ReservedCodeCacheSize=
#   JVM is running with Unscaled Compressed Oops mode in which the Java heap is
#     placed in the first 4GB address space. The Java Heap base address is the
#     maximum limit for the native heap growth. Please use -XX:HeapBaseMinAddress
#     to set the Java Heap base and to place the Java Heap above 4GB virtual address.
# This output file may be truncated or incomplete.
#
#  Out of Memory Error (allocation.cpp:389), pid=9356, tid=0x0000000000003c80
#
# JRE version: Java(TM) SE Runtime Environment (8.0_221-b11) (build 1.8.0_221-b11)
# Java VM: Java HotSpot(TM) 64-Bit Server VM (25.221-b11 mixed mode windows-amd64 compressed oops)
# Failed to write core dump. Minidumps are not enabled by default on client versions of Windows
#

---------------  T H R E A D  ---------------

Current thread (0x0000000016f51000):  JavaThread "C2 CompilerThread0" daemon [_thread_in_native, id=15488, stack(0x0000000018550000,0x0000000018650000)]

Stack: [0x0000000018550000,0x0000000018650000]
[error occurred during error reporting (printing stack bounds), id 0xc0000005]

Native frames: (J=compiled Java code, j=interpreted, Vv=VM code, C=native code)


Current CompileTask:
C2:   9977 4335       4       org.springframework.core.ResolvableType::as (81 bytes)


---------------  P R O C E S S  ---------------

Java Threads: ( => current thread )
  0x000000001a45a800 JavaThread "Abandoned connection cleanup thread" daemon [_thread_blocked, id=6436, stack(0x000000001fe70000,0x000000001ff70000)]
  0x000000001a45a000 JavaThread "Tomcat JDBC Pool Cleaner[705927765:1585153614704]" daemon [_thread_blocked, id=13100, stack(0x000000001f970000,0x000000001fa70000)]
  0x0000000019776000 JavaThread "container-0" [_thread_blocked, id=4020, stack(0x000000001f390000,0x000000001f490000)]
  0x0000000019775000 JavaThread "ContainerBackgroundProcessor[StandardEngine[Tomcat]]" daemon [_thread_blocked, id=14640, stack(0x000000001c8e0000,0x000000001c9e0000)]
  0x0000000019774800 JavaThread "localhost-startStop-1" daemon [_thread_blocked, id=10956, stack(0x000000001de10000,0x000000001df10000)]
  0x0000000019777800 JavaThread "Tomcat-startStop-1" daemon [_thread_blocked, id=2876, stack(0x000000001ae10000,0x000000001af10000)]
  0x00000000194d2800 JavaThread "restartedMain" [_thread_in_Java, id=1292, stack(0x000000001a830000,0x000000001a930000)]
  0x0000000019ca8000 JavaThread "Thread-0" [_thread_blocked, id=3712, stack(0x000000001a730000,0x000000001a830000)]
  0x0000000016f5e800 JavaThread "Service Thread" daemon [_thread_blocked, id=9448, stack(0x0000000018c50000,0x0000000018d50000)]
  0x0000000018658800 JavaThread "C1 CompilerThread2" daemon [_thread_blocked, id=16580, stack(0x0000000018b50000,0x0000000018c50000)]
  0x0000000016f53000 JavaThread "C2 CompilerThread1" daemon [_thread_in_native, id=7384, stack(0x0000000018a50000,0x0000000018b50000)]
=>0x0000000016f51000 JavaThread "C2 CompilerThread0" daemon [_thread_in_native, id=15488, stack(0x0000000018550000,0x0000000018650000)]
  0x0000000016f4f000 JavaThread "Attach Listener" daemon [_thread_blocked, id=12920, stack(0x0000000018450000,0x0000000018550000)]
  0x0000000016f4e800 JavaThread "Signal Dispatcher" daemon [_thread_blocked, id=14268, stack(0x0000000018350000,0x0000000018450000)]
  0x00000000023ad800 JavaThread "Finalizer" daemon [_thread_blocked, id=9708, stack(0x0000000018150000,0x0000000018250000)]
  0x00000000023a4800 JavaThread "Reference Handler" daemon [_thread_blocked, id=13400, stack(0x0000000018050000,0x0000000018150000)]
  0x00000000022b5800 JavaThread "main" [_thread_blocked, id=16264, stack(0x00000000021b0000,0x00000000022b0000)]

Other Threads:
  0x0000000016ec8800 VMThread [stack: 0x0000000017f50000,0x0000000018050000] [id=14404]
  0x0000000018717000 WatcherThread [stack: 0x0000000018d50000,0x0000000018e50000] [id=16608]

VM state:not at safepoint (normal execution)

VM Mutex/Monitor currently owned by a thread: None

heap address: 0x0000000081800000, size: 2024 MB, Compressed Oops mode: 32-bit
Narrow klass base: 0x0000000000000000, Narrow klass shift: 3
Compressed class space size: 1073741824 Address: 0x0000000100000000

Heap:
 PSYoungGen      total 201728K, used 108556K [0x00000000d5d80000, 0x00000000e3180000, 0x0000000100000000)
  eden space 189440K, 57% used [0x00000000d5d80000,0x00000000dc783290,0x00000000e1680000)
  from space 12288K, 0% used [0x00000000e2400000,0x00000000e2400000,0x00000000e3000000)
  to   space 13824K, 0% used [0x00000000e1680000,0x00000000e1680000,0x00000000e2400000)
 ParOldGen       total 70144K, used 21992K [0x0000000081800000, 0x0000000085c80000, 0x00000000d5d80000)
  object space 70144K, 31% used [0x0000000081800000,0x0000000082d7a220,0x0000000085c80000)
 Metaspace       used 47084K, capacity 47586K, committed 48000K, reserved 1091584K
  class space    used 6076K, capacity 6236K, committed 6272K, reserved 1048576K

Card table byte_map: [0x0000000011770000,0x0000000011b70000] byte_map_base: 0x0000000011364000

Marking Bits: (ParMarkBitMap*) 0x000000005fd05ce0
 Begin Bits: [0x0000000012220000, 0x00000000141c0000)
 End Bits:   [0x00000000141c0000, 0x0000000016160000)

Polling page: 0x0000000002000000

CodeCache: size=245760Kb used=14158Kb max_used=14158Kb free=231601Kb
 bounds [0x00000000023b0000, 0x0000000003190000, 0x00000000113b0000]
 total_blobs=4331 nmethods=3817 adapters=426
 compilation: enabled

Compilation events (10 events):
Event: 9.960 Thread 0x0000000018658800 nmethod 4456 0x000000000318c990 code [0x000000000318cb40, 0x000000000318d1c8]
Event: 9.960 Thread 0x0000000018658800 4457   !   2       sun.nio.cs.FastCharsetProvider::lookup (150 bytes)
Event: 9.962 Thread 0x0000000018658800 nmethod 4457 0x000000000318d650 code [0x000000000318d8c0, 0x000000000318e1b8]
Event: 9.963 Thread 0x0000000018658800 4458       2       java.util.concurrent.ConcurrentHashMap::tableSizeFor (59 bytes)
Event: 9.963 Thread 0x0000000018658800 nmethod 4458 0x000000000318eb50 code [0x000000000318eca0, 0x000000000318ee30]
Event: 9.963 Thread 0x0000000018658800 4459       1       com.fasterxml.jackson.databind.DeserializationFeature::enabledByDefault (5 bytes)
Event: 9.963 Thread 0x0000000018658800 nmethod 4459 0x000000000318ee90 code [0x000000000318efe0, 0x000000000318f0f0]
Event: 9.966 Thread 0x0000000018658800 4460       1       com.fasterxml.jackson.databind.SerializationFeature::enabledByDefault (5 bytes)
Event: 9.966 Thread 0x0000000018658800 nmethod 4460 0x000000000318f150 code [0x000000000318f2a0, 0x000000000318f3b0]
Event: 9.973 Thread 0x0000000018658800 4461   !   2       com.sun.proxy.$Proxy25::annotationType (29 bytes)

GC Heap History (10 events):
Event: 3.692 GC heap before
{Heap before GC invocations=6 (full 1):
 PSYoungGen      total 138240K, used 133120K [0x00000000d5d80000, 0x00000000de980000, 0x0000000100000000)
  eden space 133120K, 100% used [0x00000000d5d80000,0x00000000ddf80000,0x00000000ddf80000)
  from space 5120K, 0% used [0x00000000de480000,0x00000000de480000,0x00000000de980000)
  to   space 5120K, 0% used [0x00000000ddf80000,0x00000000ddf80000,0x00000000de480000)
 ParOldGen       total 70144K, used 11690K [0x0000000081800000, 0x0000000085c80000, 0x00000000d5d80000)
  object space 70144K, 16% used [0x0000000081800000,0x000000008236ab68,0x0000000085c80000)
 Metaspace       used 22113K, capacity 22434K, committed 22704K, reserved 1069056K
  class space    used 2709K, capacity 2798K, committed 2816K, reserved 1048576K
Event: 3.703 GC heap after
Heap after GC invocations=6 (full 1):
 PSYoungGen      total 138240K, used 5105K [0x00000000d5d80000, 0x00000000e3000000, 0x0000000100000000)
  eden space 133120K, 0% used [0x00000000d5d80000,0x00000000d5d80000,0x00000000ddf80000)
  from space 5120K, 99% used [0x00000000ddf80000,0x00000000de47c5a8,0x00000000de480000)
  to   space 12288K, 0% used [0x00000000e2400000,0x00000000e2400000,0x00000000e3000000)
 ParOldGen       total 70144K, used 13268K [0x0000000081800000, 0x0000000085c80000, 0x00000000d5d80000)
  object space 70144K, 18% used [0x0000000081800000,0x00000000824f50f0,0x0000000085c80000)
 Metaspace       used 22113K, capacity 22434K, committed 22704K, reserved 1069056K
  class space    used 2709K, capacity 2798K, committed 2816K, reserved 1048576K
}
Event: 5.303 GC heap before
{Heap before GC invocations=7 (full 1):
 PSYoungGen      total 138240K, used 138225K [0x00000000d5d80000, 0x00000000e3000000, 0x0000000100000000)
  eden space 133120K, 100% used [0x00000000d5d80000,0x00000000ddf80000,0x00000000ddf80000)
  from space 5120K, 99% used [0x00000000ddf80000,0x00000000de47c5a8,0x00000000de480000)
  to   space 12288K, 0% used [0x00000000e2400000,0x00000000e2400000,0x00000000e3000000)
 ParOldGen       total 70144K, used 13268K [0x0000000081800000, 0x0000000085c80000, 0x00000000d5d80000)
  object space 70144K, 18% used [0x0000000081800000,0x00000000824f50f0,0x0000000085c80000)
 Metaspace       used 25602K, capacity 26054K, committed 26368K, reserved 1073152K
  class space    used 3183K, capacity 3291K, committed 3328K, reserved 1048576K
Event: 5.322 GC heap after
Heap after GC invocations=7 (full 1):
 PSYoungGen      total 201728K, used 10952K [0x00000000d5d80000, 0x00000000e3180000, 0x0000000100000000)
  eden space 189440K, 0% used [0x00000000d5d80000,0x00000000d5d80000,0x00000000e1680000)
  from space 12288K, 89% used [0x00000000e2400000,0x00000000e2eb2180,0x00000000e3000000)
  to   space 13824K, 0% used [0x00000000e1680000,0x00000000e1680000,0x00000000e2400000)
 ParOldGen       total 70144K, used 13276K [0x0000000081800000, 0x0000000085c80000, 0x00000000d5d80000)
  object space 70144K, 18% used [0x0000000081800000,0x00000000824f70f0,0x0000000085c80000)
 Metaspace       used 25602K, capacity 26054K, committed 26368K, reserved 1073152K
  class space    used 3183K, capacity 3291K, committed 3328K, reserved 1048576K
}
Event: 7.299 GC heap before
{Heap before GC invocations=8 (full 1):
 PSYoungGen      total 201728K, used 200392K [0x00000000d5d80000, 0x00000000e3180000, 0x0000000100000000)
  eden space 189440K, 100% used [0x00000000d5d80000,0x00000000e1680000,0x00000000e1680000)
  from space 12288K, 89% used [0x00000000e2400000,0x00000000e2eb2180,0x00000000e3000000)
  to   space 13824K, 0% used [0x00000000e1680000,0x00000000e1680000,0x00000000e2400000)
 ParOldGen       total 70144K, used 13276K [0x0000000081800000, 0x0000000085c80000, 0x00000000d5d80000)
  object space 70144K, 18% used [0x0000000081800000,0x00000000824f70f0,0x0000000085c80000)
 Metaspace       used 32048K, capacity 32488K, committed 32896K, reserved 1077248K
  class space    used 3989K, capacity 4102K, committed 4224K, reserved 1048576K
Event: 7.318 GC heap after
Heap after GC invocations=8 (full 1):
 PSYoungGen      total 203264K, used 13382K [0x00000000d5d80000, 0x00000000e3180000, 0x0000000100000000)
  eden space 189440K, 0% used [0x00000000d5d80000,0x00000000d5d80000,0x00000000e1680000)
  from space 13824K, 96% used [0x00000000e1680000,0x00000000e2391a60,0x00000000e2400000)
  to   space 12288K, 0% used [0x00000000e2400000,0x00000000e2400000,0x00000000e3000000)
 ParOldGen       total 70144K, used 13284K [0x0000000081800000, 0x0000000085c80000, 0x00000000d5d80000)
  object space 70144K, 18% used [0x0000000081800000,0x00000000824f90f0,0x0000000085c80000)
 Metaspace       used 32048K, capacity 32488K, committed 32896K, reserved 1077248K
  class space    used 3989K, capacity 4102K, committed 4224K, reserved 1048576K
}
Event: 7.846 GC heap before
{Heap before GC invocations=9 (full 1):
 PSYoungGen      total 203264K, used 59808K [0x00000000d5d80000, 0x00000000e3180000, 0x0000000100000000)
  eden space 189440K, 24% used [0x00000000d5d80000,0x00000000d8ad67f0,0x00000000e1680000)
  from space 13824K, 96% used [0x00000000e1680000,0x00000000e2391a60,0x00000000e2400000)
  to   space 12288K, 0% used [0x00000000e2400000,0x00000000e2400000,0x00000000e3000000)
 ParOldGen       total 70144K, used 13284K [0x0000000081800000, 0x0000000085c80000, 0x00000000d5d80000)
  object space 70144K, 18% used [0x0000000081800000,0x00000000824f90f0,0x0000000085c80000)
 Metaspace       used 34795K, capacity 35220K, committed 35496K, reserved 1081344K
  class space    used 4410K, capacity 4520K, committed 4608K, reserved 1048576K
Event: 7.868 GC heap after
Heap after GC invocations=9 (full 1):
 PSYoungGen      total 201728K, used 12277K [0x00000000d5d80000, 0x00000000e3180000, 0x0000000100000000)
  eden space 189440K, 0% used [0x00000000d5d80000,0x00000000d5d80000,0x00000000e1680000)
  from space 12288K, 99% used [0x00000000e2400000,0x00000000e2ffd578,0x00000000e3000000)
  to   space 13824K, 0% used [0x00000000e1680000,0x00000000e1680000,0x00000000e2400000)
 ParOldGen       total 70144K, used 13370K [0x0000000081800000, 0x0000000085c80000, 0x00000000d5d80000)
  object space 70144K, 19% used [0x0000000081800000,0x000000008250eae8,0x0000000085c80000)
 Metaspace       used 34795K, capacity 35220K, committed 35496K, reserved 1081344K
  class space    used 4410K, capacity 4520K, committed 4608K, reserved 1048576K
}
Event: 7.868 GC heap before
{Heap before GC invocations=10 (full 2):
 PSYoungGen      total 201728K, used 12277K [0x00000000d5d80000, 0x00000000e3180000, 0x0000000100000000)
  eden space 189440K, 0% used [0x00000000d5d80000,0x00000000d5d80000,0x00000000e1680000)
  from space 12288K, 99% used [0x00000000e2400000,0x00000000e2ffd578,0x00000000e3000000)
  to   space 13824K, 0% used [0x00000000e1680000,0x00000000e1680000,0x00000000e2400000)
 ParOldGen       total 70144K, used 13370K [0x0000000081800000, 0x0000000085c80000, 0x00000000d5d80000)
  object space 70144K, 19% used [0x0000000081800000,0x000000008250eae8,0x0000000085c80000)
 Metaspace       used 34795K, capacity 35220K, committed 35496K, reserved 1081344K
  class space    used 4410K, capacity 4520K, committed 4608K, reserved 1048576K
Event: 8.017 GC heap after
Heap after GC invocations=10 (full 2):
 PSYoungGen      total 201728K, used 0K [0x00000000d5d80000, 0x00000000e3180000, 0x0000000100000000)
  eden space 189440K, 0% used [0x00000000d5d80000,0x00000000d5d80000,0x00000000e1680000)
  from space 12288K, 0% used [0x00000000e2400000,0x00000000e2400000,0x00000000e3000000)
  to   space 13824K, 0% used [0x00000000e1680000,0x00000000e1680000,0x00000000e2400000)
 ParOldGen       total 70144K, used 21992K [0x0000000081800000, 0x0000000085c80000, 0x00000000d5d80000)
  object space 70144K, 31% used [0x0000000081800000,0x0000000082d7a220,0x0000000085c80000)
 Metaspace       used 34795K, capacity 35220K, committed 35496K, reserved 1081344K
  class space    used 4410K, capacity 4520K, committed 4608K, reserved 1048576K
}

Deoptimization events (10 events):
Event: 9.771 Thread 0x00000000194d2800 Uncommon trap: reason=bimorphic action=maybe_recompile pc=0x0000000003075e64 method=java.util.Hashtable.get(Ljava/lang/Object;)Ljava/lang/Object; @ 6
Event: 9.771 Thread 0x00000000194d2800 Uncommon trap: reason=unstable_if action=reinterpret pc=0x00000000024d9c80 method=java.lang.CharacterData.of(I)Ljava/lang/CharacterData; @ 4
Event: 9.850 Thread 0x00000000194d2800 Uncommon trap: reason=unstable_if action=reinterpret pc=0x000000000293e6c0 method=java.lang.String.indexOf([CII[CIII)I @ 27
Event: 9.850 Thread 0x00000000194d2800 Uncommon trap: reason=unstable_if action=reinterpret pc=0x00000000028ce480 method=java.lang.String.indexOf([CII[CIII)I @ 27
Event: 9.866 Thread 0x00000000194d2800 Uncommon trap: reason=bimorphic action=maybe_recompile pc=0x0000000002ddce5c method=java.util.regex.Matcher.match(II)Z @ 86
Event: 9.867 Thread 0x00000000194d2800 Uncommon trap: reason=bimorphic action=maybe_recompile pc=0x0000000002ddce5c method=java.util.regex.Matcher.match(II)Z @ 86
Event: 9.867 Thread 0x00000000194d2800 Uncommon trap: reason=bimorphic action=maybe_recompile pc=0x0000000002ddce5c method=java.util.regex.Matcher.match(II)Z @ 86
Event: 9.877 Thread 0x00000000194d2800 Uncommon trap: reason=unstable_if action=reinterpret pc=0x00000000026a1db0 method=java.lang.String.indexOf([CII[CIII)I @ 27
Event: 9.898 Thread 0x00000000194d2800 Uncommon trap: reason=class_check action=maybe_recompile pc=0x0000000002b94c58 method=org.springframework.beans.factory.support.AbstractBeanFactory.isTypeMatch(Ljava/lang/String;Lorg/springframework/core/ResolvableType;)Z @ 37
Event: 9.905 Thread 0x00000000194d2800 Uncommon trap: reason=class_check action=maybe_recompile pc=0x0000000002b94c58 method=org.springframework.beans.factory.support.AbstractBeanFactory.isTypeMatch(Ljava/lang/String;Lorg/springframework/core/ResolvableType;)Z @ 37

Classes redefined (0 events):
No events

Internal exceptions (10 events):
Event: 9.439 Thread 0x00000000194d2800 Exception <a 'java/lang/ClassNotFoundException': java/lang/ObjectCustomizer> (0x00000000da646270) thrown at [C:\re\workspace\8-2-build-windows-amd64-cygwin\jdk8u221\13320\hotspot\src\share\vm\classfile\systemDictionary.cpp, line 210]
Event: 9.440 Thread 0x00000000194d2800 Exception <a 'java/lang/ClassNotFoundException': org/opendevup/entities/PaimentCustomizer> (0x00000000da65dc30) thrown at [C:\re\workspace\8-2-build-windows-amd64-cygwin\jdk8u221\13320\hotspot\src\share\vm\classfile\systemDictionary.cpp, line 210]
Event: 9.643 Thread 0x00000000194d2800 Exception <a 'java/lang/reflect/InvocationTargetException'> (0x00000000db3ee338) thrown at [C:\re\workspace\8-2-build-windows-amd64-cygwin\jdk8u221\13320\hotspot\src\share\vm\runtime\reflection.cpp, line 1092]
Event: 9.681 Thread 0x00000000194d2800 Exception <a 'java/lang/reflect/InvocationTargetException'> (0x00000000db6aa6d0) thrown at [C:\re\workspace\8-2-build-windows-amd64-cygwin\jdk8u221\13320\hotspot\src\share\vm\runtime\reflection.cpp, line 1092]
Event: 9.903 Thread 0x00000000194d2800 Exception <a 'java/lang/ClassNotFoundException': java/lang/ObjectCustomizer> (0x00000000dc0eaac0) thrown at [C:\re\workspace\8-2-build-windows-amd64-cygwin\jdk8u221\13320\hotspot\src\share\vm\classfile\systemDictionary.cpp, line 210]
Event: 9.904 Thread 0x00000000194d2800 Exception <a 'java/lang/ClassNotFoundException': org/opendevup/web/AthleteControllerCustomizer> (0x00000000dc102cc8) thrown at [C:\re\workspace\8-2-build-windows-amd64-cygwin\jdk8u221\13320\hotspot\src\share\vm\classfile\systemDictionary.cpp, line 210]
Event: 9.931 Thread 0x00000000194d2800 Exception <a 'java/lang/reflect/InvocationTargetException'> (0x00000000dc1d93e8) thrown at [C:\re\workspace\8-2-build-windows-amd64-cygwin\jdk8u221\13320\hotspot\src\share\vm\runtime\reflection.cpp, line 1092]
Event: 9.934 Thread 0x00000000194d2800 Exception <a 'java/lang/reflect/InvocationTargetException'> (0x00000000dc1f02f0) thrown at [C:\re\workspace\8-2-build-windows-amd64-cygwin\jdk8u221\13320\hotspot\src\share\vm\runtime\reflection.cpp, line 1092]
Event: 9.971 Thread 0x00000000194d2800 Exception <a 'java/lang/ClassNotFoundException': java/lang/ObjectCustomizer> (0x00000000dc499168) thrown at [C:\re\workspace\8-2-build-windows-amd64-cygwin\jdk8u221\13320\hotspot\src\share\vm\classfile\systemDictionary.cpp, line 210]
Event: 9.972 Thread 0x00000000194d2800 Exception <a 'java/lang/ClassNotFoundException': org/opendevup/web/AthleteCtrlCustomizer> (0x00000000dc4af8c0) thrown at [C:\re\workspace\8-2-build-windows-amd64-cygwin\jdk8u221\13320\hotspot\src\share\vm\classfile\systemDictionary.cpp, line 210]

Events (10 events):
Event: 9.970 loading class java/lang/ObjectCustomizer
Event: 9.970 loading class java/lang/ObjectCustomizer done
Event: 9.971 loading class java/lang/ObjectCustomizer
Event: 9.971 loading class java/lang/ObjectCustomizer done
Event: 9.971 loading class org/opendevup/web/AthleteCtrlCustomizer
Event: 9.971 loading class org/opendevup/web/AthleteCtrlCustomizer done
Event: 9.971 loading class org/opendevup/web/AthleteCtrlCustomizer
Event: 9.971 loading class org/opendevup/web/AthleteCtrlCustomizer done
Event: 9.972 loading class org/opendevup/web/AthleteCtrlCustomizer
Event: 9.972 loading class org/opendevup/web/AthleteCtrlCustomizer done


Dynamic libraries:
0x00007ff78a3e0000 - 0x00007ff78a417000 	C:\Program Files\Java\jre1.8.0_221\bin\javaw.exe
0x00007ffdade50000 - 0x00007ffdadffd000 	C:\Windows\SYSTEM32\ntdll.dll
0x00007ffdac1e0000 - 0x00007ffdac31f000 	C:\Windows\system32\KERNEL32.DLL
0x00007ffdab3c0000 - 0x00007ffdab4d6000 	C:\Windows\system32\KERNELBASE.dll
0x00007ffda96e0000 - 0x00007ffda976e000 	C:\Windows\system32\apphelp.dll
0x00007ffd848f0000 - 0x00007ffd84945000 	C:\Windows\AppPatch\AppPatch64\AcGenral.DLL
0x00007ffdabcf0000 - 0x00007ffdabd9a000 	C:\Windows\system32\msvcrt.dll
0x00007ffdab390000 - 0x00007ffdab3be000 	C:\Windows\system32\SspiCli.dll
0x00007ffdaddf0000 - 0x00007ffdade44000 	C:\Windows\system32\SHLWAPI.dll
0x00007ffdab4e0000 - 0x00007ffdab657000 	C:\Windows\system32\USER32.dll
0x00007ffdaba90000 - 0x00007ffdabc24000 	C:\Windows\system32\ole32.dll
0x00007ffdac620000 - 0x00007ffdadb4b000 	C:\Windows\system32\SHELL32.dll
0x00007ffdaa180000 - 0x00007ffdaa1a1000 	C:\Windows\SYSTEM32\USERENV.dll
0x00007ffdac120000 - 0x00007ffdac1ca000 	C:\Windows\system32\ADVAPI32.dll
0x00007ffda2d60000 - 0x00007ffda2d7e000 	C:\Windows\SYSTEM32\MPR.dll
0x00007ffdac380000 - 0x00007ffdac4c0000 	C:\Windows\system32\RPCRT4.dll
0x00007ffdac0c0000 - 0x00007ffdac119000 	C:\Windows\SYSTEM32\sechost.dll
0x00007ffdab820000 - 0x00007ffdaba30000 	C:\Windows\SYSTEM32\combase.dll
0x00007ffdab660000 - 0x00007ffdab7ac000 	C:\Windows\system32\GDI32.dll
0x00007ffdaaf80000 - 0x00007ffdaaf95000 	C:\Windows\SYSTEM32\profapi.dll
0x00007ffdaa360000 - 0x00007ffdaa412000 	C:\Windows\SYSTEM32\SHCORE.dll
0x00007ffdac340000 - 0x00007ffdac376000 	C:\Windows\system32\IMM32.DLL
0x00007ffdac4c0000 - 0x00007ffdac612000 	C:\Windows\system32\MSCTF.dll
0x00007ffdaa820000 - 0x00007ffdaaa9b000 	C:\Windows\WinSxS\amd64_microsoft.windows.common-controls_6595b64144ccf1df_6.0.9600.19394_none_62486577ecb635cf\COMCTL32.dll
0x000000005f400000 - 0x000000005f4d2000 	C:\Program Files\Java\jre1.8.0_221\bin\msvcr100.dll
0x000000005f4e0000 - 0x000000005fd85000 	C:\Program Files\Java\jre1.8.0_221\bin\server\jvm.dll
0x00007ffd94be0000 - 0x00007ffd94be9000 	C:\Windows\SYSTEM32\WSOCK32.dll
0x00007ffd9cf10000 - 0x00007ffd9cf32000 	C:\Windows\SYSTEM32\WINMM.dll
0x00007ffda3440000 - 0x00007ffda344a000 	C:\Windows\SYSTEM32\VERSION.dll
0x00007ffdac1d0000 - 0x00007ffdac1d7000 	C:\Windows\system32\PSAPI.DLL
0x00007ffdabda0000 - 0x00007ffdabdfa000 	C:\Windows\system32\WS2_32.dll
0x00007ffd9cee0000 - 0x00007ffd9cf0a000 	C:\Windows\SYSTEM32\WINMMBASE.dll
0x00007ffdabe20000 - 0x00007ffdabe29000 	C:\Windows\system32\NSI.dll
0x00007ffdab290000 - 0x00007ffdab2df000 	C:\Windows\SYSTEM32\cfgmgr32.dll
0x00007ffda9960000 - 0x00007ffda9988000 	C:\Windows\SYSTEM32\DEVOBJ.dll
0x00007ffdaa7d0000 - 0x00007ffdaa7df000 	C:\Program Files\Java\jre1.8.0_221\bin\verify.dll
0x00007ffd88ae0000 - 0x00007ffd88b09000 	C:\Program Files\Java\jre1.8.0_221\bin\java.dll
0x00007ffd96fb0000 - 0x00007ffd96fc6000 	C:\Program Files\Java\jre1.8.0_221\bin\zip.dll
0x00007ffd8dd20000 - 0x00007ffd8dd2d000 	C:\Program Files\Java\jre1.8.0_221\bin\management.dll
0x00007ffd8aa70000 - 0x00007ffd8aa8a000 	C:\Program Files\Java\jre1.8.0_221\bin\net.dll
0x00007ffda4b60000 - 0x00007ffda4cea000 	C:\Windows\SYSTEM32\urlmon.dll
0x00007ffda4890000 - 0x00007ffda4b5c000 	C:\Windows\SYSTEM32\iertutil.dll
0x00007ffda43e0000 - 0x00007ffda488c000 	C:\Windows\SYSTEM32\WININET.dll
0x00007ffdaa300000 - 0x00007ffdaa359000 	C:\Windows\system32\mswsock.dll
0x00007ffd96f00000 - 0x00007ffd96f15000 	C:\Windows\system32\napinsp.dll
0x00007ffd96f20000 - 0x00007ffd96f3a000 	C:\Windows\system32\pnrpnsp.dll
0x00007ffda8600000 - 0x00007ffda861b000 	C:\Windows\system32\NLAapi.dll
0x00007ffdaa010000 - 0x00007ffdaa0b4000 	C:\Windows\SYSTEM32\DNSAPI.dll
0x00007ffd96f40000 - 0x00007ffd96f4d000 	C:\Windows\System32\winrnr.dll
0x00007ffd96f50000 - 0x00007ffd96f64000 	C:\Windows\system32\wshbth.dll
0x00007ffd97bb0000 - 0x00007ffd97bba000 	C:\Windows\System32\rasadhlp.dll
0x00007ffda5ef0000 - 0x00007ffda5f1a000 	C:\Windows\SYSTEM32\IPHLPAPI.DLL
0x00007ffda5ed0000 - 0x00007ffda5eda000 	C:\Windows\SYSTEM32\WINNSI.DLL
0x00007ffda5140000 - 0x00007ffda51ab000 	C:\Windows\System32\fwpuclnt.dll
0x00007ffd8a910000 - 0x00007ffd8a922000 	C:\Program Files\Java\jre1.8.0_221\bin\nio.dll
0x00007ffdaa5a0000 - 0x00007ffdaa5c0000 	C:\Windows\SYSTEM32\CRYPTSP.dll
0x00007ffdaa0d0000 - 0x00007ffdaa106000 	C:\Windows\system32\rsaenh.dll
0x00007ffdaab40000 - 0x00007ffdaab66000 	C:\Windows\SYSTEM32\bcrypt.dll
0x00007ffdaad80000 - 0x00007ffdaade3000 	C:\Windows\system32\bcryptprimitives.dll
0x00007ffdaadf0000 - 0x00007ffdaadfb000 	C:\Windows\SYSTEM32\CRYPTBASE.dll
0x00007ffda4da0000 - 0x00007ffda4db6000 	C:\Windows\SYSTEM32\dhcpcsvc6.DLL
0x00007ffda5520000 - 0x00007ffda553a000 	C:\Windows\SYSTEM32\dhcpcsvc.DLL

VM Arguments:
jvm_args: -Dfile.encoding=UTF-8 
java_command: org.opendevup.TpSpringMvcApplication
java_class_path (initial): C:\Program Files\Java\jre1.8.0_221\lib\resources.jar;C:\Program Files\Java\jre1.8.0_221\lib\rt.jar;C:\Program Files\Java\jre1.8.0_221\lib\jsse.jar;C:\Program Files\Java\jre1.8.0_221\lib\jce.jar;C:\Program Files\Java\jre1.8.0_221\lib\charsets.jar;C:\Program Files\Java\jre1.8.0_221\lib\jfr.jar;C:\Program Files\Java\jre1.8.0_221\lib\ext\access-bridge-64.jar;C:\Program Files\Java\jre1.8.0_221\lib\ext\cldrdata.jar;C:\Program Files\Java\jre1.8.0_221\lib\ext\dnsns.jar;C:\Program Files\Java\jre1.8.0_221\lib\ext\jaccess.jar;C:\Program Files\Java\jre1.8.0_221\lib\ext\jfxrt.jar;C:\Program Files\Java\jre1.8.0_221\lib\ext\localedata.jar;C:\Program Files\Java\jre1.8.0_221\lib\ext\nashorn.jar;C:\Program Files\Java\jre1.8.0_221\lib\ext\sunec.jar;C:\Program Files\Java\jre1.8.0_221\lib\ext\sunjce_provider.jar;C:\Program Files\Java\jre1.8.0_221\lib\ext\sunmscapi.jar;C:\Program Files\Java\jre1.8.0_221\lib\ext\sunpkcs11.jar;C:\Program Files\Java\jre1.8.0_221\lib\ext\zipfs.jar;C:\Users\HP NOTEBOOK\Documents\workspace-sts-3.9.4.RELEASE\tp-spring-mvc\target\classes;C:\Users\HP NOTEBOOK\.m2\repository\org\springframework\boot\spring-boot-starter-data-jpa\1.4.3.RELEASE\spring-boot-starter-data-jpa-1.4.3.RELEASE.jar;C:\Users\HP NOTEBOOK\.m2\repository\org\springframework\boot\spring-boot-starter\1.4.3.RELEASE\spring-boot-starter-1.4.3.RELEASE.jar;C:\Users\HP NOTEBOOK\.m2\repository\org\springframework\boot\spring-boot-starter-logging\1.4.3.RELEASE\spring-boot-starter-logging-1.4.3.RELEASE.jar;C:\Users\HP NOTEBOOK\.m2\repository\ch\qos\logback\logback-classic\1.1.8\logback-classic-1.1.8.jar;C:\Users\HP NOTEBOOK\.m2\repository\ch\qos\logback\logback-core\1.1.8\logback-core-1.1.8.jar;C:\Users\HP NOTEBOOK\.m2\repository\org\slf4j\jul-to-slf4j\1.7.22\jul-to-slf4j-1.7.22.jar;C:\Users\HP NOTEBOOK\.m2\repository\org\slf4j\log4j-over-slf4j\1.7.22\log4j-over-slf4j-1.7.22.jar;C:\Users\HP NOTEBOOK\.m2\repository\org\yaml\snakeyaml\1.17\snakeyaml-1.17.jar;C:\Users\HP NOTEBOOK\
Launcher Type: SUN_STANDARD

Environment Variables:
JAVA_HOME=C:\Program Files\Java\jdk-10.0.1
PATH=C:/Program Files/Java/jre1.8.0_221/bin/server;C:/Program Files/Java/jre1.8.0_221/bin;C:/Program Files/Java/jre1.8.0_221/lib/amd64;C:\Program Files (x86)\Common Files\Oracle\Java\javapath;C:\cygwin64\bin;C:\Program Files\Microsoft SQL Server\130\Tools\Binn\;C:\Program Files\Microsoft SQL Server\Client SDK\ODBC\130\Tools\Binn\;C:\Program Files\Microsoft SQL Server\130\DTS\Binn\;C:\Program Files\IBM\SPSS\Statistics\25\JRE\bin;;C:\Program Files (x86)\Microsoft VS Code\bin;C:\Users\HP NOTEBOOK\AppData\Roaming\npm;C:\Users\HP NOTEBOOK\AppData\Local\Programs\Microsoft VS Code\bin;C:\Users\HP NOTEBOOK\Downloads\Compressed\spring-tool-suite-3.9.4.RELEASE-e4.7.3a-win32-x86_64_2\sts-bundle\sts-3.9.4.RELEASE;
USERNAME=HP NOTEBOOK
OS=Windows_NT
PROCESSOR_IDENTIFIER=Intel64 Family 6 Model 78 Stepping 3, GenuineIntel



---------------  S Y S T E M  ---------------

OS: Windows 8.1 , 64 bit Build 9600 (6.3.9600.19538)

CPU:total 4 (initial active 4) (2 cores per cpu, 2 threads per core) family 6 model 78 stepping 3, cmov, cx8, fxsr, mmx, sse, sse2, sse3, ssse3, sse4.1, sse4.2, popcnt, avx, avx2, aes, clmul, erms, 3dnowpref, lzcnt, ht, tsc, tscinvbit, bmi1, bmi2, adx

Memory: 4k page, physical 8285184k(1592112k free), swap 8809472k(7520k free)

vm_info: Java HotSpot(TM) 64-Bit Server VM (25.221-b11) for windows-amd64 JRE (1.8.0_221-b11), built on Jul  4 2019 04:39:29 by "java_re" with MS VC++ 10.0 (VS2010)

time: Wed Mar 25 17:26:56 2020
timezone: Paris, Madrid
elapsed time: 9 seconds (0d 0h 0m 9s)

