#
# There is insufficient memory for the Java Runtime Environment to continue.
# Native memory allocation (malloc) failed to allocate 64688 bytes for Chunk::new
# Possible reasons:
#   The system is out of physical RAM or swap space
#   The process is running with CompressedOops enabled, and the Java Heap may be blocking the growth of the native heap
# Possible solutions:
#   Reduce memory load on the system
#   Increase physical memory or swap space
#   Check if swap backing store is full
#   Decrease Java heap size (-Xmx/-Xms)
#   Decrease number of Java threads
#   Decrease Java thread stack sizes (-Xss)
#   Set larger code cache with -XX:ReservedCodeCacheSize=
#   JVM is running with Unscaled Compressed Oops mode in which the Java heap is
#     placed in the first 4GB address space. The Java Heap base address is the
#     maximum limit for the native heap growth. Please use -XX:HeapBaseMinAddress
#     to set the Java Heap base and to place the Java Heap above 4GB virtual address.
# This output file may be truncated or incomplete.
#
#  Out of Memory Error (allocation.cpp:389), pid=8788, tid=0x0000000000000d9c
#
# JRE version: Java(TM) SE Runtime Environment (8.0_221-b11) (build 1.8.0_221-b11)
# Java VM: Java HotSpot(TM) 64-Bit Server VM (25.221-b11 mixed mode windows-amd64 compressed oops)
# Failed to write core dump. Minidumps are not enabled by default on client versions of Windows
#

---------------  T H R E A D  ---------------

Current thread (0x00000000171d4800):  JavaThread "C2 CompilerThread0" daemon [_thread_in_native, id=3484, stack(0x00000000187d0000,0x00000000188d0000)]

Stack: [0x00000000187d0000,0x00000000188d0000]
[error occurred during error reporting (printing stack bounds), id 0xc0000005]

Native frames: (J=compiled Java code, j=interpreted, Vv=VM code, C=native code)


Current CompileTask:
C2:   5163 2466   !   4       java.net.URLClassLoader$1::run (63 bytes)


---------------  P R O C E S S  ---------------

Java Threads: ( => current thread )
  0x0000000019a2a800 JavaThread "restartedMain" [_thread_in_Java, id=2596, stack(0x000000001aab0000,0x000000001abb0000)]
  0x00000000199ef000 JavaThread "Thread-0" [_thread_blocked, id=2120, stack(0x000000001a9b0000,0x000000001aab0000)]
  0x0000000018a62800 JavaThread "Service Thread" daemon [_thread_blocked, id=5992, stack(0x0000000018ed0000,0x0000000018fd0000)]
  0x00000000189db800 JavaThread "C1 CompilerThread2" daemon [_thread_blocked, id=6240, stack(0x0000000018dd0000,0x0000000018ed0000)]
  0x00000000171d9800 JavaThread "C2 CompilerThread1" daemon [_thread_in_native, id=7496, stack(0x00000000188d0000,0x00000000189d0000)]
=>0x00000000171d4800 JavaThread "C2 CompilerThread0" daemon [_thread_in_native, id=3484, stack(0x00000000187d0000,0x00000000188d0000)]
  0x00000000171d2800 JavaThread "Attach Listener" daemon [_thread_blocked, id=7336, stack(0x00000000186d0000,0x00000000187d0000)]
  0x00000000171d1800 JavaThread "Signal Dispatcher" daemon [_thread_blocked, id=6936, stack(0x00000000185d0000,0x00000000186d0000)]
  0x000000001716c000 JavaThread "Finalizer" daemon [_thread_blocked, id=4868, stack(0x00000000183d0000,0x00000000184d0000)]
  0x0000000002626000 JavaThread "Reference Handler" daemon [_thread_blocked, id=5152, stack(0x00000000182d0000,0x00000000183d0000)]
  0x0000000002535800 JavaThread "main" [_thread_blocked, id=1300, stack(0x0000000002430000,0x0000000002530000)]

Other Threads:
  0x0000000017148000 VMThread [stack: 0x00000000181d0000,0x00000000182d0000] [id=6392]
  0x0000000018a9e000 WatcherThread [stack: 0x0000000018fd0000,0x00000000190d0000] [id=6544]

VM state:not at safepoint (normal execution)

VM Mutex/Monitor currently owned by a thread: None

heap address: 0x0000000081800000, size: 2024 MB, Compressed Oops mode: 32-bit
Narrow klass base: 0x0000000000000000, Narrow klass shift: 3
Compressed class space size: 1073741824 Address: 0x0000000100000000

Heap:
 PSYoungGen      total 94208K, used 79297K [0x00000000d5d80000, 0x00000000dc600000, 0x0000000100000000)
  eden space 82432K, 87% used [0x00000000d5d80000,0x00000000da44f268,0x00000000dae00000)
  from space 11776K, 57% used [0x00000000db900000,0x00000000dbfa1220,0x00000000dc480000)
  to   space 11264K, 0% used [0x00000000dae00000,0x00000000dae00000,0x00000000db900000)
 ParOldGen       total 69120K, used 11004K [0x0000000081800000, 0x0000000085b80000, 0x00000000d5d80000)
  object space 69120K, 15% used [0x0000000081800000,0x00000000822bf290,0x0000000085b80000)
 Metaspace       used 25015K, capacity 25396K, committed 25600K, reserved 1071104K
  class space    used 3134K, capacity 3224K, committed 3328K, reserved 1048576K

Card table byte_map: [0x00000000119f0000,0x0000000011df0000] byte_map_base: 0x00000000115e4000

Marking Bits: (ParMarkBitMap*) 0x0000000056465ce0
 Begin Bits: [0x00000000124a0000, 0x0000000014440000)
 End Bits:   [0x0000000014440000, 0x00000000163e0000)

Polling page: 0x0000000002150000

CodeCache: size=245760Kb used=11020Kb max_used=11020Kb free=234739Kb
 bounds [0x0000000002630000, 0x0000000003100000, 0x0000000011630000]
 total_blobs=3111 nmethods=2743 adapters=280
 compilation: enabled

Compilation events (10 events):
Event: 5.127 Thread 0x00000000189db800 2677       2       org.springframework.asm.ClassWriter::newUTF8 (70 bytes)
Event: 5.128 Thread 0x00000000189db800 nmethod 2677 0x00000000030ae2d0 code [0x00000000030ae480, 0x00000000030ae778]
Event: 5.128 Thread 0x00000000189db800 2678       2       org.springframework.asm.Item::<init> (66 bytes)
Event: 5.128 Thread 0x00000000189db800 nmethod 2678 0x00000000030ae990 code [0x00000000030aeae0, 0x00000000030aecb0]
Event: 5.128 Thread 0x00000000189db800 2680       2       org.springframework.asm.ByteVector::put12 (64 bytes)
Event: 5.128 Thread 0x00000000189db800 nmethod 2680 0x00000000030aed50 code [0x00000000030aeec0, 0x00000000030af0e8]
Event: 5.128 Thread 0x00000000189db800 2679       1       org.springframework.cglib.core.Signature::getDescriptor (5 bytes)
Event: 5.128 Thread 0x00000000189db800 nmethod 2679 0x00000000030af290 code [0x00000000030af3e0, 0x00000000030af4f0]
Event: 5.128 Thread 0x00000000189db800 2681       2       org.springframework.asm.MethodVisitor::visitInsn (16 bytes)
Event: 5.128 Thread 0x00000000189db800 nmethod 2681 0x00000000030af550 code [0x00000000030af6c0, 0x00000000030af848]

GC Heap History (10 events):
Event: 2.391 GC heap before
{Heap before GC invocations=5 (full 0):
 PSYoungGen      total 71680K, used 39853K [0x00000000d5d80000, 0x00000000da880000, 0x0000000100000000)
  eden space 66560K, 52% used [0x00000000d5d80000,0x00000000d7f72fc8,0x00000000d9e80000)
  from space 5120K, 99% used [0x00000000da380000,0x00000000da878630,0x00000000da880000)
  to   space 5120K, 0% used [0x00000000d9e80000,0x00000000d9e80000,0x00000000da380000)
 ParOldGen       total 87552K, used 8298K [0x0000000081800000, 0x0000000086d80000, 0x00000000d5d80000)
  object space 87552K, 9% used [0x0000000081800000,0x000000008201ab08,0x0000000086d80000)
 Metaspace       used 20902K, capacity 21154K, committed 21296K, reserved 1069056K
  class space    used 2558K, capacity 2633K, committed 2688K, reserved 1048576K
Event: 2.403 GC heap after
Heap after GC invocations=5 (full 0):
 PSYoungGen      total 71680K, used 5104K [0x00000000d5d80000, 0x00000000da880000, 0x0000000100000000)
  eden space 66560K, 0% used [0x00000000d5d80000,0x00000000d5d80000,0x00000000d9e80000)
  from space 5120K, 99% used [0x00000000d9e80000,0x00000000da37c010,0x00000000da380000)
  to   space 5120K, 0% used [0x00000000da380000,0x00000000da380000,0x00000000da880000)
 ParOldGen       total 87552K, used 10887K [0x0000000081800000, 0x0000000086d80000, 0x00000000d5d80000)
  object space 87552K, 12% used [0x0000000081800000,0x00000000822a1f68,0x0000000086d80000)
 Metaspace       used 20902K, capacity 21154K, committed 21296K, reserved 1069056K
  class space    used 2558K, capacity 2633K, committed 2688K, reserved 1048576K
}
Event: 2.403 GC heap before
{Heap before GC invocations=6 (full 1):
 PSYoungGen      total 71680K, used 5104K [0x00000000d5d80000, 0x00000000da880000, 0x0000000100000000)
  eden space 66560K, 0% used [0x00000000d5d80000,0x00000000d5d80000,0x00000000d9e80000)
  from space 5120K, 99% used [0x00000000d9e80000,0x00000000da37c010,0x00000000da380000)
  to   space 5120K, 0% used [0x00000000da380000,0x00000000da380000,0x00000000da880000)
 ParOldGen       total 87552K, used 10887K [0x0000000081800000, 0x0000000086d80000, 0x00000000d5d80000)
  object space 87552K, 12% used [0x0000000081800000,0x00000000822a1f68,0x0000000086d80000)
 Metaspace       used 20902K, capacity 21154K, committed 21296K, reserved 1069056K
  class space    used 2558K, capacity 2633K, committed 2688K, reserved 1048576K
Event: 2.461 GC heap after
Heap after GC invocations=6 (full 1):
 PSYoungGen      total 71680K, used 0K [0x00000000d5d80000, 0x00000000da880000, 0x0000000100000000)
  eden space 66560K, 0% used [0x00000000d5d80000,0x00000000d5d80000,0x00000000d9e80000)
  from space 5120K, 0% used [0x00000000d9e80000,0x00000000d9e80000,0x00000000da380000)
  to   space 5120K, 0% used [0x00000000da380000,0x00000000da380000,0x00000000da880000)
 ParOldGen       total 69120K, used 10996K [0x0000000081800000, 0x0000000085b80000, 0x00000000d5d80000)
  object space 69120K, 15% used [0x0000000081800000,0x00000000822bd290,0x0000000085b80000)
 Metaspace       used 20902K, capacity 21154K, committed 21296K, reserved 1069056K
  class space    used 2558K, capacity 2633K, committed 2688K, reserved 1048576K
}
Event: 3.026 GC heap before
{Heap before GC invocations=7 (full 1):
 PSYoungGen      total 71680K, used 66560K [0x00000000d5d80000, 0x00000000da880000, 0x0000000100000000)
  eden space 66560K, 100% used [0x00000000d5d80000,0x00000000d9e80000,0x00000000d9e80000)
  from space 5120K, 0% used [0x00000000d9e80000,0x00000000d9e80000,0x00000000da380000)
  to   space 5120K, 0% used [0x00000000da380000,0x00000000da380000,0x00000000da880000)
 ParOldGen       total 69120K, used 10996K [0x0000000081800000, 0x0000000085b80000, 0x00000000d5d80000)
  object space 69120K, 15% used [0x0000000081800000,0x00000000822bd290,0x0000000085b80000)
 Metaspace       used 21667K, capacity 21974K, committed 22192K, reserved 1069056K
  class space    used 2645K, capacity 2732K, committed 2816K, reserved 1048576K
Event: 3.030 GC heap after
Heap after GC invocations=7 (full 1):
 PSYoungGen      total 65024K, used 2022K [0x00000000d5d80000, 0x00000000dcf80000, 0x0000000100000000)
  eden space 59904K, 0% used [0x00000000d5d80000,0x00000000d5d80000,0x00000000d9800000)
  from space 5120K, 39% used [0x00000000da380000,0x00000000da579b60,0x00000000da880000)
  to   space 11776K, 0% used [0x00000000d9800000,0x00000000d9800000,0x00000000da380000)
 ParOldGen       total 69120K, used 10996K [0x0000000081800000, 0x0000000085b80000, 0x00000000d5d80000)
  object space 69120K, 15% used [0x0000000081800000,0x00000000822bd290,0x0000000085b80000)
 Metaspace       used 21667K, capacity 21974K, committed 22192K, reserved 1069056K
  class space    used 2645K, capacity 2732K, committed 2816K, reserved 1048576K
}
Event: 3.551 GC heap before
{Heap before GC invocations=8 (full 1):
 PSYoungGen      total 65024K, used 61926K [0x00000000d5d80000, 0x00000000dcf80000, 0x0000000100000000)
  eden space 59904K, 100% used [0x00000000d5d80000,0x00000000d9800000,0x00000000d9800000)
  from space 5120K, 39% used [0x00000000da380000,0x00000000da579b60,0x00000000da880000)
  to   space 11776K, 0% used [0x00000000d9800000,0x00000000d9800000,0x00000000da380000)
 ParOldGen       total 69120K, used 10996K [0x0000000081800000, 0x0000000085b80000, 0x00000000d5d80000)
  object space 69120K, 15% used [0x0000000081800000,0x00000000822bd290,0x0000000085b80000)
 Metaspace       used 22063K, capacity 22402K, committed 22704K, reserved 1069056K
  class space    used 2696K, capacity 2766K, committed 2816K, reserved 1048576K
Event: 3.555 GC heap after
Heap after GC invocations=8 (full 1):
 PSYoungGen      total 71680K, used 4333K [0x00000000d5d80000, 0x00000000dc480000, 0x0000000100000000)
  eden space 59904K, 0% used [0x00000000d5d80000,0x00000000d5d80000,0x00000000d9800000)
  from space 11776K, 36% used [0x00000000d9800000,0x00000000d9c3b548,0x00000000da380000)
  to   space 11776K, 0% used [0x00000000db900000,0x00000000db900000,0x00000000dc480000)
 ParOldGen       total 69120K, used 11004K [0x0000000081800000, 0x0000000085b80000, 0x00000000d5d80000)
  object space 69120K, 15% used [0x0000000081800000,0x00000000822bf290,0x0000000085b80000)
 Metaspace       used 22063K, capacity 22402K, committed 22704K, reserved 1069056K
  class space    used 2696K, capacity 2766K, committed 2816K, reserved 1048576K
}
Event: 4.106 GC heap before
{Heap before GC invocations=9 (full 1):
 PSYoungGen      total 71680K, used 64237K [0x00000000d5d80000, 0x00000000dc480000, 0x0000000100000000)
  eden space 59904K, 100% used [0x00000000d5d80000,0x00000000d9800000,0x00000000d9800000)
  from space 11776K, 36% used [0x00000000d9800000,0x00000000d9c3b548,0x00000000da380000)
  to   space 11776K, 0% used [0x00000000db900000,0x00000000db900000,0x00000000dc480000)
 ParOldGen       total 69120K, used 11004K [0x0000000081800000, 0x0000000085b80000, 0x00000000d5d80000)
  object space 69120K, 15% used [0x0000000081800000,0x00000000822bf290,0x0000000085b80000)
 Metaspace       used 22236K, capacity 22498K, committed 22704K, reserved 1069056K
  class space    used 2731K, capacity 2798K, committed 2816K, reserved 1048576K
Event: 4.119 GC heap after
Heap after GC invocations=9 (full 1):
 PSYoungGen      total 94208K, used 6788K [0x00000000d5d80000, 0x00000000dc600000, 0x0000000100000000)
  eden space 82432K, 0% used [0x00000000d5d80000,0x00000000d5d80000,0x00000000dae00000)
  from space 11776K, 57% used [0x00000000db900000,0x00000000dbfa1220,0x00000000dc480000)
  to   space 11264K, 0% used [0x00000000dae00000,0x00000000dae00000,0x00000000db900000)
 ParOldGen       total 69120K, used 11004K [0x0000000081800000, 0x0000000085b80000, 0x00000000d5d80000)
  object space 69120K, 15% used [0x0000000081800000,0x00000000822bf290,0x0000000085b80000)
 Metaspace       used 22236K, capacity 22498K, committed 22704K, reserved 1069056K
  class space    used 2731K, capacity 2798K, committed 2816K, reserved 1048576K
}

Deoptimization events (10 events):
Event: 3.955 Thread 0x0000000019a2a800 Uncommon trap: reason=array_check action=maybe_recompile pc=0x0000000002e93804 method=org.springframework.core.type.classreading.AnnotationReadingVisitorUtils.convertClassValues(Ljava/lang/Object;Ljava/lang/ClassLoader;Lorg/springframework/core/annotation
Event: 3.956 Thread 0x0000000019a2a800 Uncommon trap: reason=array_check action=maybe_recompile pc=0x0000000002e93804 method=org.springframework.core.type.classreading.AnnotationReadingVisitorUtils.convertClassValues(Ljava/lang/Object;Ljava/lang/ClassLoader;Lorg/springframework/core/annotation
Event: 4.262 Thread 0x0000000019a2a800 Uncommon trap: reason=unstable_if action=reinterpret pc=0x0000000002f00c6c method=org.springframework.asm.ClassReader.readCode(Lorg/springframework/asm/MethodVisitor;Lorg/springframework/asm/Context;I)V @ 799
Event: 4.592 Thread 0x0000000019a2a800 Uncommon trap: reason=unstable_if action=reinterpret pc=0x0000000002d7d004 method=java.util.LinkedHashMap.get(Ljava/lang/Object;)Ljava/lang/Object; @ 20
Event: 4.684 Thread 0x0000000019a2a800 Uncommon trap: reason=unstable_if action=reinterpret pc=0x0000000002f67bf4 method=org.springframework.util.StringUtils.replace(Ljava/lang/String;Ljava/lang/String;Ljava/lang/String;)Ljava/lang/String; @ 46
Event: 4.811 Thread 0x0000000019a2a800 Uncommon trap: reason=unstable_if action=reinterpret pc=0x0000000002f96ccc method=org.springframework.util.ReflectionUtils$2.doWith(Ljava/lang/reflect/Method;)V @ 76
Event: 4.856 Thread 0x0000000019a2a800 Uncommon trap: reason=unstable_if action=reinterpret pc=0x0000000002f5bae8 method=org.springframework.core.type.classreading.AnnotationReadingVisitorUtils.convertClassValues(Ljava/lang/Object;Ljava/lang/ClassLoader;Lorg/springframework/core/annotation/Ann
Event: 5.103 Thread 0x0000000019a2a800 Uncommon trap: reason=unstable_if action=reinterpret pc=0x0000000002b7b348 method=java.util.concurrent.ConcurrentHashMap.putVal(Ljava/lang/Object;Ljava/lang/Object;Z)Ljava/lang/Object; @ 206
Event: 5.126 Thread 0x0000000019a2a800 Uncommon trap: reason=unstable_if action=reinterpret pc=0x0000000002ed0e58 method=org.springframework.asm.MethodVisitor.visitInsn(I)V @ 4
Event: 5.126 Thread 0x0000000019a2a800 Uncommon trap: reason=unstable_if action=reinterpret pc=0x0000000002eb8ee0 method=org.springframework.asm.MethodVisitor.visitMethodInsn(ILjava/lang/String;Ljava/lang/String;Ljava/lang/String;Z)V @ 50

Classes redefined (0 events):
No events

Internal exceptions (10 events):
Event: 2.038 Thread 0x0000000019a2a800 Exception <a 'java/lang/ClassNotFoundException': org/springframework/beans/factory/support/BeanDefinitionRegistryPostProcessorCustomizer> (0x00000000d6494a80) thrown at [C:\re\workspace\8-2-build-windows-amd64-cygwin\jdk8u221\13320\hotspot\src\share\vm\cl
Event: 2.039 Thread 0x0000000019a2a800 Exception <a 'java/lang/ClassNotFoundException': org/springframework/core/PriorityOrderedCustomizer> (0x00000000d64a9b40) thrown at [C:\re\workspace\8-2-build-windows-amd64-cygwin\jdk8u221\13320\hotspot\src\share\vm\classfile\systemDictionary.cpp, line 21
Event: 2.039 Thread 0x0000000019a2a800 Exception <a 'java/lang/ClassNotFoundException': org/springframework/context/ResourceLoaderAwareCustomizer> (0x00000000d64bfb18) thrown at [C:\re\workspace\8-2-build-windows-amd64-cygwin\jdk8u221\13320\hotspot\src\share\vm\classfile\systemDictionary.cpp, 
Event: 2.040 Thread 0x0000000019a2a800 Exception <a 'java/lang/ClassNotFoundException': org/springframework/beans/factory/BeanClassLoaderAwareCustomizer> (0x00000000d64d8bc8) thrown at [C:\re\workspace\8-2-build-windows-amd64-cygwin\jdk8u221\13320\hotspot\src\share\vm\classfile\systemDictionar
Event: 2.041 Thread 0x0000000019a2a800 Exception <a 'java/lang/ClassNotFoundException': org/springframework/context/EnvironmentAwareCustomizer> (0x00000000d64ef2a0) thrown at [C:\re\workspace\8-2-build-windows-amd64-cygwin\jdk8u221\13320\hotspot\src\share\vm\classfile\systemDictionary.cpp, lin
Event: 2.851 Thread 0x0000000019a2a800 Exception <a 'java/lang/ClassNotFoundException': java/lang/ObjectCustomizer> (0x00000000d8f10408) thrown at [C:\re\workspace\8-2-build-windows-amd64-cygwin\jdk8u221\13320\hotspot\src\share\vm\classfile\systemDictionary.cpp, line 210]
Event: 2.852 Thread 0x0000000019a2a800 Exception <a 'java/lang/ClassNotFoundException': org/springframework/boot/autoconfigure/web/ResourcePropertiesCustomizer> (0x00000000d8f2e330) thrown at [C:\re\workspace\8-2-build-windows-amd64-cygwin\jdk8u221\13320\hotspot\src\share\vm\classfile\systemDi
Event: 2.854 Thread 0x0000000019a2a800 Exception <a 'java/lang/ClassNotFoundException': org/springframework/context/ResourceLoaderAwareCustomizer> (0x00000000d8f538a8) thrown at [C:\re\workspace\8-2-build-windows-amd64-cygwin\jdk8u221\13320\hotspot\src\share\vm\classfile\systemDictionary.cpp, 
Event: 2.856 Thread 0x0000000019a2a800 Exception <a 'java/lang/ClassNotFoundException': java/lang/ObjectCustomizer> (0x00000000d8f714d0) thrown at [C:\re\workspace\8-2-build-windows-amd64-cygwin\jdk8u221\13320\hotspot\src\share\vm\classfile\systemDictionary.cpp, line 210]
Event: 2.857 Thread 0x0000000019a2a800 Exception <a 'java/lang/ClassNotFoundException': org/springframework/boot/autoconfigure/web/ResourceProperties$ChainCustomizer> (0x00000000d8f90250) thrown at [C:\re\workspace\8-2-build-windows-amd64-cygwin\jdk8u221\13320\hotspot\src\share\vm\classfile\sy

Events (10 events):
Event: 5.126 Thread 0x0000000019a2a800 Uncommon trap: trap_request=0xffffff65 fr.pc=0x0000000002ed0e58
Event: 5.126 Thread 0x0000000019a2a800 DEOPT PACKING pc=0x0000000002ed0e58 sp=0x000000001abaddf0
Event: 5.126 Thread 0x0000000019a2a800 DEOPT UNPACKING pc=0x000000000267583b sp=0x000000001abadd98 mode 2
Event: 5.126 Thread 0x0000000019a2a800 Uncommon trap: trap_request=0xffffff65 fr.pc=0x0000000002eb8ee0
Event: 5.126 Thread 0x0000000019a2a800 DEOPT PACKING pc=0x0000000002eb8ee0 sp=0x000000001abadd30
Event: 5.126 Thread 0x0000000019a2a800 DEOPT UNPACKING pc=0x000000000267583b sp=0x000000001abadcf8 mode 2
Event: 5.126 loading class org/springframework/cglib/proxy/Enhancer$6
Event: 5.126 loading class org/springframework/cglib/proxy/Enhancer$6 done
Event: 5.129 loading class org/springframework/cglib/proxy/MethodInterceptorGenerator$2
Event: 5.129 loading class org/springframework/cglib/proxy/MethodInterceptorGenerator$2 done


Dynamic libraries:
0x00007ff73e220000 - 0x00007ff73e257000 	C:\Program Files\Java\jre1.8.0_221\bin\javaw.exe
0x00007ffb8d5b0000 - 0x00007ffb8d75d000 	C:\Windows\SYSTEM32\ntdll.dll
0x00007ffb8ad00000 - 0x00007ffb8ae3f000 	C:\Windows\system32\KERNEL32.DLL
0x00007ffb8aac0000 - 0x00007ffb8abd6000 	C:\Windows\system32\KERNELBASE.dll
0x00007ffb892a0000 - 0x00007ffb8932e000 	C:\Windows\system32\apphelp.dll
0x00007ffb62800000 - 0x00007ffb62855000 	C:\Windows\AppPatch\AppPatch64\AcGenral.DLL
0x00007ffb8cdb0000 - 0x00007ffb8ce5a000 	C:\Windows\system32\msvcrt.dll
0x00007ffb8a990000 - 0x00007ffb8a9be000 	C:\Windows\system32\SspiCli.dll
0x00007ffb8d4f0000 - 0x00007ffb8d544000 	C:\Windows\system32\SHLWAPI.dll
0x00007ffb8c780000 - 0x00007ffb8c8f7000 	C:\Windows\system32\USER32.dll
0x00007ffb8d020000 - 0x00007ffb8d1b4000 	C:\Windows\system32\ole32.dll
0x00007ffb8b230000 - 0x00007ffb8c75b000 	C:\Windows\system32\SHELL32.dll
0x00007ffb89d20000 - 0x00007ffb89d41000 	C:\Windows\SYSTEM32\USERENV.dll
0x00007ffb8c970000 - 0x00007ffb8ca1a000 	C:\Windows\system32\ADVAPI32.dll
0x00007ffb824c0000 - 0x00007ffb824de000 	C:\Windows\SYSTEM32\MPR.dll
0x00007ffb8b0f0000 - 0x00007ffb8b230000 	C:\Windows\system32\RPCRT4.dll
0x00007ffb8d550000 - 0x00007ffb8d5a9000 	C:\Windows\SYSTEM32\sechost.dll
0x00007ffb8ae40000 - 0x00007ffb8b050000 	C:\Windows\SYSTEM32\combase.dll
0x00007ffb8d3a0000 - 0x00007ffb8d4ec000 	C:\Windows\system32\GDI32.dll
0x00007ffb8a6e0000 - 0x00007ffb8a6f5000 	C:\Windows\SYSTEM32\profapi.dll
0x00007ffb86430000 - 0x00007ffb864e2000 	C:\Windows\SYSTEM32\SHCORE.dll
0x00007ffb8ca20000 - 0x00007ffb8ca56000 	C:\Windows\system32\IMM32.DLL
0x00007ffb8ca60000 - 0x00007ffb8cbb2000 	C:\Windows\system32\MSCTF.dll
0x00007ffb859f0000 - 0x00007ffb85c6b000 	C:\Windows\WinSxS\amd64_microsoft.windows.common-controls_6595b64144ccf1df_6.0.9600.19394_none_62486577ecb635cf\COMCTL32.dll
0x0000000056c50000 - 0x0000000056d22000 	C:\Program Files\Java\jre1.8.0_221\bin\msvcr100.dll
0x0000000055c40000 - 0x00000000564e5000 	C:\Program Files\Java\jre1.8.0_221\bin\server\jvm.dll
0x00007ffb73e10000 - 0x00007ffb73e19000 	C:\Windows\SYSTEM32\WSOCK32.dll
0x00007ffb7c680000 - 0x00007ffb7c6a2000 	C:\Windows\SYSTEM32\WINMM.dll
0x00007ffb82f40000 - 0x00007ffb82f4a000 	C:\Windows\SYSTEM32\VERSION.dll
0x00007ffb8c760000 - 0x00007ffb8c767000 	C:\Windows\system32\PSAPI.DLL
0x00007ffb8cc80000 - 0x00007ffb8ccda000 	C:\Windows\system32\WS2_32.dll
0x00007ffb7c650000 - 0x00007ffb7c67a000 	C:\Windows\SYSTEM32\WINMMBASE.dll
0x00007ffb8b060000 - 0x00007ffb8b069000 	C:\Windows\system32\NSI.dll
0x00007ffb8aa70000 - 0x00007ffb8aabf000 	C:\Windows\SYSTEM32\cfgmgr32.dll
0x00007ffb89520000 - 0x00007ffb89548000 	C:\Windows\SYSTEM32\DEVOBJ.dll
0x00007ffb85310000 - 0x00007ffb8531f000 	C:\Program Files\Java\jre1.8.0_221\bin\verify.dll
0x00007ffb69e00000 - 0x00007ffb69e29000 	C:\Program Files\Java\jre1.8.0_221\bin\java.dll
0x00007ffb74410000 - 0x00007ffb74426000 	C:\Program Files\Java\jre1.8.0_221\bin\zip.dll
0x00007ffb76910000 - 0x00007ffb7691d000 	C:\Program Files\Java\jre1.8.0_221\bin\management.dll
0x00007ffb72740000 - 0x00007ffb7275a000 	C:\Program Files\Java\jre1.8.0_221\bin\net.dll
0x00007ffb84300000 - 0x00007ffb8448a000 	C:\Windows\SYSTEM32\urlmon.dll
0x00007ffb84030000 - 0x00007ffb842fc000 	C:\Windows\SYSTEM32\iertutil.dll
0x00007ffb83b80000 - 0x00007ffb8402c000 	C:\Windows\SYSTEM32\WININET.dll
0x00007ffb89f90000 - 0x00007ffb89fe9000 	C:\Windows\system32\mswsock.dll
0x00007ffb76390000 - 0x00007ffb763a5000 	C:\Windows\system32\napinsp.dll
0x00007ffb763b0000 - 0x00007ffb763ca000 	C:\Windows\system32\pnrpnsp.dll
0x00007ffb84ee0000 - 0x00007ffb84efb000 	C:\Windows\system32\NLAapi.dll
0x00007ffb89d90000 - 0x00007ffb89e34000 	C:\Windows\SYSTEM32\DNSAPI.dll
0x00007ffb763d0000 - 0x00007ffb763dd000 	C:\Windows\System32\winrnr.dll
0x00007ffb763e0000 - 0x00007ffb763f4000 	C:\Windows\system32\wshbth.dll
0x00007ffb774c0000 - 0x00007ffb774ca000 	C:\Windows\System32\rasadhlp.dll
0x00007ffb84cf0000 - 0x00007ffb84d1a000 	C:\Windows\SYSTEM32\IPHLPAPI.DLL
0x00007ffb84cd0000 - 0x00007ffb84cda000 	C:\Windows\SYSTEM32\WINNSI.DLL
0x00007ffb84b50000 - 0x00007ffb84bbb000 	C:\Windows\System32\fwpuclnt.dll
0x00007ffb69de0000 - 0x00007ffb69df2000 	C:\Program Files\Java\jre1.8.0_221\bin\nio.dll

VM Arguments:
jvm_args: -Dfile.encoding=UTF-8 
java_command: org.opendevup.TpSpringMvcApplication
java_class_path (initial): C:\Program Files\Java\jre1.8.0_221\lib\resources.jar;C:\Program Files\Java\jre1.8.0_221\lib\rt.jar;C:\Program Files\Java\jre1.8.0_221\lib\jsse.jar;C:\Program Files\Java\jre1.8.0_221\lib\jce.jar;C:\Program Files\Java\jre1.8.0_221\lib\charsets.jar;C:\Program Files\Java\jre1.8.0_221\lib\jfr.jar;C:\Program Files\Java\jre1.8.0_221\lib\ext\access-bridge-64.jar;C:\Program Files\Java\jre1.8.0_221\lib\ext\cldrdata.jar;C:\Program Files\Java\jre1.8.0_221\lib\ext\dnsns.jar;C:\Program Files\Java\jre1.8.0_221\lib\ext\jaccess.jar;C:\Program Files\Java\jre1.8.0_221\lib\ext\jfxrt.jar;C:\Program Files\Java\jre1.8.0_221\lib\ext\localedata.jar;C:\Program Files\Java\jre1.8.0_221\lib\ext\nashorn.jar;C:\Program Files\Java\jre1.8.0_221\lib\ext\sunec.jar;C:\Program Files\Java\jre1.8.0_221\lib\ext\sunjce_provider.jar;C:\Program Files\Java\jre1.8.0_221\lib\ext\sunmscapi.jar;C:\Program Files\Java\jre1.8.0_221\lib\ext\sunpkcs11.jar;C:\Program Files\Java\jre1.8.0_221\lib\ext\zipfs.jar;C:\Users\HP NOTEBOOK\Documents\workspace-sts-3.9.4.RELEASE\tp-spring-mvc\target\classes;C:\Users\HP NOTEBOOK\.m2\repository\org\springframework\boot\spring-boot-starter-data-jpa\1.4.3.RELEASE\spring-boot-starter-data-jpa-1.4.3.RELEASE.jar;C:\Users\HP NOTEBOOK\.m2\repository\org\springframework\boot\spring-boot-starter\1.4.3.RELEASE\spring-boot-starter-1.4.3.RELEASE.jar;C:\Users\HP NOTEBOOK\.m2\repository\org\springframework\boot\spring-boot-starter-logging\1.4.3.RELEASE\spring-boot-starter-logging-1.4.3.RELEASE.jar;C:\Users\HP NOTEBOOK\.m2\repository\ch\qos\logback\logback-classic\1.1.8\logback-classic-1.1.8.jar;C:\Users\HP NOTEBOOK\.m2\repository\ch\qos\logback\logback-core\1.1.8\logback-core-1.1.8.jar;C:\Users\HP NOTEBOOK\.m2\repository\org\slf4j\jul-to-slf4j\1.7.22\jul-to-slf4j-1.7.22.jar;C:\Users\HP NOTEBOOK\.m2\repository\org\slf4j\log4j-over-slf4j\1.7.22\log4j-over-slf4j-1.7.22.jar;C:\Users\HP NOTEBOOK\.m2\repository\org\yaml\snakeyaml\1.17\snakeyaml-1.17.jar;C:\Users\HP NOTEBOOK\
Launcher Type: SUN_STANDARD

Environment Variables:
JAVA_HOME=C:\Program Files\Java\jdk-10.0.1
PATH=C:/Program Files/Java/jre1.8.0_221/bin/server;C:/Program Files/Java/jre1.8.0_221/bin;C:/Program Files/Java/jre1.8.0_221/lib/amd64;C:\Program Files (x86)\Common Files\Oracle\Java\javapath;C:\cygwin64\bin;C:\Program Files\Microsoft SQL Server\130\Tools\Binn\;C:\Program Files\Microsoft SQL Server\Client SDK\ODBC\130\Tools\Binn\;C:\Program Files\Microsoft SQL Server\130\DTS\Binn\;C:\Program Files\IBM\SPSS\Statistics\25\JRE\bin;;C:\Program Files (x86)\Microsoft VS Code\bin;C:\Users\HP NOTEBOOK\AppData\Roaming\npm;C:\Users\HP NOTEBOOK\AppData\Local\Programs\Microsoft VS Code\bin;C:\Users\HP NOTEBOOK\Downloads\Compressed\spring-tool-suite-3.9.4.RELEASE-e4.7.3a-win32-x86_64_2\sts-bundle\sts-3.9.4.RELEASE;
USERNAME=HP NOTEBOOK
OS=Windows_NT
PROCESSOR_IDENTIFIER=Intel64 Family 6 Model 78 Stepping 3, GenuineIntel



---------------  S Y S T E M  ---------------

OS: Windows 8.1 , 64 bit Build 9600 (6.3.9600.19538)

CPU:total 4 (initial active 4) (2 cores per cpu, 2 threads per core) family 6 model 78 stepping 3, cmov, cx8, fxsr, mmx, sse, sse2, sse3, ssse3, sse4.1, sse4.2, popcnt, avx, avx2, aes, clmul, erms, 3dnowpref, lzcnt, ht, tsc, tscinvbit, bmi1, bmi2, adx

Memory: 4k page, physical 8285184k(2030256k free), swap 8809472k(48040k free)

vm_info: Java HotSpot(TM) 64-Bit Server VM (25.221-b11) for windows-amd64 JRE (1.8.0_221-b11), built on Jul  4 2019 04:39:29 by "java_re" with MS VC++ 10.0 (VS2010)

time: Thu Mar 26 00:10:00 2020
timezone: Paris, Madrid
elapsed time: 5 seconds (0d 0h 0m 5s)

