#
# There is insufficient memory for the Java Runtime Environment to continue.
# Native memory allocation (malloc) failed to allocate 1075536 bytes for Chunk::new
# Possible reasons:
#   The system is out of physical RAM or swap space
#   The process is running with CompressedOops enabled, and the Java Heap may be blocking the growth of the native heap
# Possible solutions:
#   Reduce memory load on the system
#   Increase physical memory or swap space
#   Check if swap backing store is full
#   Decrease Java heap size (-Xmx/-Xms)
#   Decrease number of Java threads
#   Decrease Java thread stack sizes (-Xss)
#   Set larger code cache with -XX:ReservedCodeCacheSize=
#   JVM is running with Unscaled Compressed Oops mode in which the Java heap is
#     placed in the first 4GB address space. The Java Heap base address is the
#     maximum limit for the native heap growth. Please use -XX:HeapBaseMinAddress
#     to set the Java Heap base and to place the Java Heap above 4GB virtual address.
# This output file may be truncated or incomplete.
#
#  Out of Memory Error (allocation.cpp:389), pid=3504, tid=0x00000000000023d0
#
# JRE version: Java(TM) SE Runtime Environment (8.0_221-b11) (build 1.8.0_221-b11)
# Java VM: Java HotSpot(TM) 64-Bit Server VM (25.221-b11 mixed mode windows-amd64 compressed oops)
# Failed to write core dump. Minidumps are not enabled by default on client versions of Windows
#

---------------  T H R E A D  ---------------

Current thread (0x0000000017477800):  JavaThread "C2 CompilerThread1" daemon [_thread_in_native, id=9168, stack(0x0000000018b80000,0x0000000018c80000)]

Stack: [0x0000000018b80000,0x0000000018c80000]
[error occurred during error reporting (printing stack bounds), id 0xc0000005]

Native frames: (J=compiled Java code, j=interpreted, Vv=VM code, C=native code)


Current CompileTask:
C2:   9485 4132   !   4       java.net.URL::<init> (543 bytes)


---------------  P R O C E S S  ---------------

Java Threads: ( => current thread )
  0x000000001d930800 JavaThread "Abandoned connection cleanup thread" daemon [_thread_blocked, id=7964, stack(0x0000000021120000,0x0000000021220000)]
  0x000000001d931000 JavaThread "Tomcat JDBC Pool Cleaner[705927765:1585177820069]" daemon [_thread_blocked, id=4664, stack(0x000000001fb20000,0x000000001fc20000)]
  0x000000001d932000 JavaThread "container-0" [_thread_blocked, id=8132, stack(0x000000001f820000,0x000000001f920000)]
  0x000000001d92f800 JavaThread "ContainerBackgroundProcessor[StandardEngine[Tomcat]]" daemon [_thread_blocked, id=6824, stack(0x000000001ce10000,0x000000001cf10000)]
  0x000000001d92e000 JavaThread "localhost-startStop-1" daemon [_thread_blocked, id=6532, stack(0x000000001f720000,0x000000001f820000)]
  0x000000001d92e800 JavaThread "Tomcat-startStop-1" daemon [_thread_blocked, id=8128, stack(0x000000001b340000,0x000000001b440000)]
  0x0000000019a93800 JavaThread "restartedMain" [_thread_in_native, id=8664, stack(0x000000001ad60000,0x000000001ae60000)]
  0x000000001a3bb000 JavaThread "Thread-0" [_thread_blocked, id=1868, stack(0x000000001ac60000,0x000000001ad60000)]
  0x000000001747e000 JavaThread "Service Thread" daemon [_thread_blocked, id=4384, stack(0x0000000019180000,0x0000000019280000)]
  0x000000001747b800 JavaThread "C1 CompilerThread2" daemon [_thread_blocked, id=5116, stack(0x0000000018c80000,0x0000000018d80000)]
=>0x0000000017477800 JavaThread "C2 CompilerThread1" daemon [_thread_in_native, id=9168, stack(0x0000000018b80000,0x0000000018c80000)]
  0x0000000017472800 JavaThread "C2 CompilerThread0" daemon [_thread_in_native, id=4376, stack(0x0000000018a80000,0x0000000018b80000)]
  0x0000000017470800 JavaThread "Attach Listener" daemon [_thread_blocked, id=9196, stack(0x0000000018980000,0x0000000018a80000)]
  0x000000001746f800 JavaThread "Signal Dispatcher" daemon [_thread_blocked, id=8960, stack(0x0000000018880000,0x0000000018980000)]
  0x000000001740c000 JavaThread "Finalizer" daemon [_thread_blocked, id=7004, stack(0x0000000018680000,0x0000000018780000)]
  0x00000000028c4800 JavaThread "Reference Handler" daemon [_thread_blocked, id=8516, stack(0x0000000018580000,0x0000000018680000)]
  0x00000000027d5800 JavaThread "main" [_thread_blocked, id=5848, stack(0x00000000026d0000,0x00000000027d0000)]

Other Threads:
  0x00000000173e8800 VMThread [stack: 0x0000000018480000,0x0000000018580000] [id=8500]
  0x0000000018e41000 WatcherThread [stack: 0x0000000019280000,0x0000000019380000] [id=7884]

VM state:not at safepoint (normal execution)

VM Mutex/Monitor currently owned by a thread: None

heap address: 0x0000000081800000, size: 2024 MB, Compressed Oops mode: 32-bit
Narrow klass base: 0x0000000000000000, Narrow klass shift: 3
Compressed class space size: 1073741824 Address: 0x0000000100000000

Heap:
 PSYoungGen      total 135168K, used 56102K [0x00000000d5d80000, 0x00000000dfb80000, 0x0000000100000000)
  eden space 122368K, 45% used [0x00000000d5d80000,0x00000000d9449ba0,0x00000000dd500000)
  from space 12800K, 0% used [0x00000000def00000,0x00000000def00000,0x00000000dfb80000)
  to   space 12288K, 0% used [0x00000000dd500000,0x00000000dd500000,0x00000000de100000)
 ParOldGen       total 68096K, used 22683K [0x0000000081800000, 0x0000000085a80000, 0x00000000d5d80000)
  object space 68096K, 33% used [0x0000000081800000,0x0000000082e26cc0,0x0000000085a80000)
 Metaspace       used 42057K, capacity 42440K, committed 42752K, reserved 1087488K
  class space    used 5390K, capacity 5517K, committed 5632K, reserved 1048576K

Card table byte_map: [0x0000000011c90000,0x0000000012090000] byte_map_base: 0x0000000011884000

Marking Bits: (ParMarkBitMap*) 0x0000000056465ce0
 Begin Bits: [0x0000000012740000, 0x00000000146e0000)
 End Bits:   [0x00000000146e0000, 0x0000000016680000)

Polling page: 0x0000000002470000

CodeCache: size=245760Kb used=13329Kb max_used=13329Kb free=232430Kb
 bounds [0x00000000028d0000, 0x00000000035f0000, 0x00000000118d0000]
 total_blobs=4102 nmethods=3603 adapters=411
 compilation: enabled

Compilation events (10 events):
Event: 9.461 Thread 0x000000001747b800 nmethod 4175 0x00000000035de910 code [0x00000000035deaa0, 0x00000000035deec8]
Event: 9.461 Thread 0x000000001747b800 4176       1       javassist.bytecode.StringInfo::hashCode (5 bytes)
Event: 9.461 Thread 0x000000001747b800 nmethod 4176 0x00000000035de650 code [0x00000000035de7a0, 0x00000000035de8b0]
Event: 9.461 Thread 0x000000001747b800 4170       3       java.lang.Integer::numberOfLeadingZeros (76 bytes)
Event: 9.461 Thread 0x000000001747b800 nmethod 4170 0x00000000035de1d0 code [0x00000000035de340, 0x00000000035de5f0]
Event: 9.462 Thread 0x000000001747b800 4177       3       org.hibernate.internal.util.collections.JoinedIterator::updateCurrentIterator (101 bytes)
Event: 9.462 Thread 0x000000001747b800 nmethod 4177 0x00000000035e05d0 code [0x00000000035e0780, 0x00000000035e0d08]
Event: 9.462 Thread 0x000000001747b800 4178       1       java.util.Collections::emptyList (4 bytes)
Event: 9.462 Thread 0x000000001747b800 nmethod 4178 0x00000000035ddf50 code [0x00000000035de0a0, 0x00000000035de190]
Event: 9.467 Thread 0x0000000017472800 4179       4       java.security.CodeSource::hashCode (17 bytes)

GC Heap History (10 events):
Event: 3.741 GC heap before
{Heap before GC invocations=8 (full 1):
 PSYoungGen      total 97792K, used 97298K [0x00000000d5d80000, 0x00000000ded00000, 0x0000000100000000)
  eden space 95232K, 100% used [0x00000000d5d80000,0x00000000dba80000,0x00000000dba80000)
  from space 2560K, 80% used [0x00000000dea80000,0x00000000dec84ba0,0x00000000ded00000)
  to   space 12288K, 0% used [0x00000000dd500000,0x00000000dd500000,0x00000000de100000)
 ParOldGen       total 68096K, used 11010K [0x0000000081800000, 0x0000000085a80000, 0x00000000d5d80000)
  object space 68096K, 16% used [0x0000000081800000,0x00000000822c0a90,0x0000000085a80000)
 Metaspace       used 22130K, capacity 22434K, committed 22704K, reserved 1069056K
  class space    used 2716K, capacity 2798K, committed 2816K, reserved 1048576K
Event: 3.757 GC heap after
Heap after GC invocations=8 (full 1):
 PSYoungGen      total 134656K, used 8911K [0x00000000d5d80000, 0x00000000dfb80000, 0x0000000100000000)
  eden space 122368K, 0% used [0x00000000d5d80000,0x00000000d5d80000,0x00000000dd500000)
  from space 12288K, 72% used [0x00000000dd500000,0x00000000dddb3ea8,0x00000000de100000)
  to   space 12800K, 0% used [0x00000000def00000,0x00000000def00000,0x00000000dfb80000)
 ParOldGen       total 68096K, used 11018K [0x0000000081800000, 0x0000000085a80000, 0x00000000d5d80000)
  object space 68096K, 16% used [0x0000000081800000,0x00000000822c2a90,0x0000000085a80000)
 Metaspace       used 22130K, capacity 22434K, committed 22704K, reserved 1069056K
  class space    used 2716K, capacity 2798K, committed 2816K, reserved 1048576K
}
Event: 5.388 GC heap before
{Heap before GC invocations=9 (full 1):
 PSYoungGen      total 134656K, used 131279K [0x00000000d5d80000, 0x00000000dfb80000, 0x0000000100000000)
  eden space 122368K, 100% used [0x00000000d5d80000,0x00000000dd500000,0x00000000dd500000)
  from space 12288K, 72% used [0x00000000dd500000,0x00000000dddb3ea8,0x00000000de100000)
  to   space 12800K, 0% used [0x00000000def00000,0x00000000def00000,0x00000000dfb80000)
 ParOldGen       total 68096K, used 11018K [0x0000000081800000, 0x0000000085a80000, 0x00000000d5d80000)
  object space 68096K, 16% used [0x0000000081800000,0x00000000822c2a90,0x0000000085a80000)
 Metaspace       used 25933K, capacity 26278K, committed 26368K, reserved 1073152K
  class space    used 3232K, capacity 3323K, committed 3328K, reserved 1048576K
Event: 5.410 GC heap after
Heap after GC invocations=9 (full 1):
 PSYoungGen      total 135168K, used 9212K [0x00000000d5d80000, 0x00000000dfb80000, 0x0000000100000000)
  eden space 122368K, 0% used [0x00000000d5d80000,0x00000000d5d80000,0x00000000dd500000)
  from space 12800K, 71% used [0x00000000def00000,0x00000000df7ff008,0x00000000dfb80000)
  to   space 12288K, 0% used [0x00000000dd500000,0x00000000dd500000,0x00000000de100000)
 ParOldGen       total 68096K, used 11026K [0x0000000081800000, 0x0000000085a80000, 0x00000000d5d80000)
  object space 68096K, 16% used [0x0000000081800000,0x00000000822c4a90,0x0000000085a80000)
 Metaspace       used 25933K, capacity 26278K, committed 26368K, reserved 1073152K
  class space    used 3232K, capacity 3323K, committed 3328K, reserved 1048576K
}
Event: 6.883 GC heap before
{Heap before GC invocations=10 (full 1):
 PSYoungGen      total 135168K, used 131580K [0x00000000d5d80000, 0x00000000dfb80000, 0x0000000100000000)
  eden space 122368K, 100% used [0x00000000d5d80000,0x00000000dd500000,0x00000000dd500000)
  from space 12800K, 71% used [0x00000000def00000,0x00000000df7ff008,0x00000000dfb80000)
  to   space 12288K, 0% used [0x00000000dd500000,0x00000000dd500000,0x00000000de100000)
 ParOldGen       total 68096K, used 11026K [0x0000000081800000, 0x0000000085a80000, 0x00000000d5d80000)
  object space 68096K, 16% used [0x0000000081800000,0x00000000822c4a90,0x0000000085a80000)
 Metaspace       used 31222K, capacity 31574K, committed 32000K, reserved 1077248K
  class space    used 3883K, capacity 3971K, committed 4096K, reserved 1048576K
Event: 6.897 GC heap after
Heap after GC invocations=10 (full 1):
 PSYoungGen      total 134656K, used 11561K [0x00000000d5d80000, 0x00000000dfb80000, 0x0000000100000000)
  eden space 122368K, 0% used [0x00000000d5d80000,0x00000000d5d80000,0x00000000dd500000)
  from space 12288K, 94% used [0x00000000dd500000,0x00000000de04a508,0x00000000de100000)
  to   space 12800K, 0% used [0x00000000def00000,0x00000000def00000,0x00000000dfb80000)
 ParOldGen       total 68096K, used 11034K [0x0000000081800000, 0x0000000085a80000, 0x00000000d5d80000)
  object space 68096K, 16% used [0x0000000081800000,0x00000000822c6a90,0x0000000085a80000)
 Metaspace       used 31222K, capacity 31574K, committed 32000K, reserved 1077248K
  class space    used 3883K, capacity 3971K, committed 4096K, reserved 1048576K
}
Event: 8.023 GC heap before
{Heap before GC invocations=11 (full 1):
 PSYoungGen      total 134656K, used 106614K [0x00000000d5d80000, 0x00000000dfb80000, 0x0000000100000000)
  eden space 122368K, 77% used [0x00000000d5d80000,0x00000000dba53370,0x00000000dd500000)
  from space 12288K, 94% used [0x00000000dd500000,0x00000000de04a508,0x00000000de100000)
  to   space 12800K, 0% used [0x00000000def00000,0x00000000def00000,0x00000000dfb80000)
 ParOldGen       total 68096K, used 11034K [0x0000000081800000, 0x0000000085a80000, 0x00000000d5d80000)
  object space 68096K, 16% used [0x0000000081800000,0x00000000822c6a90,0x0000000085a80000)
 Metaspace       used 34856K, capacity 35220K, committed 35496K, reserved 1081344K
  class space    used 4418K, capacity 4520K, committed 4608K, reserved 1048576K
Event: 8.052 GC heap after
Heap after GC invocations=11 (full 1):
 PSYoungGen      total 135168K, used 12796K [0x00000000d5d80000, 0x00000000dfb80000, 0x0000000100000000)
  eden space 122368K, 0% used [0x00000000d5d80000,0x00000000d5d80000,0x00000000dd500000)
  from space 12800K, 99% used [0x00000000def00000,0x00000000dfb7f030,0x00000000dfb80000)
  to   space 12288K, 0% used [0x00000000dd500000,0x00000000dd500000,0x00000000de100000)
 ParOldGen       total 68096K, used 11570K [0x0000000081800000, 0x0000000085a80000, 0x00000000d5d80000)
  object space 68096K, 16% used [0x0000000081800000,0x000000008234ca68,0x0000000085a80000)
 Metaspace       used 34856K, capacity 35220K, committed 35496K, reserved 1081344K
  class space    used 4418K, capacity 4520K, committed 4608K, reserved 1048576K
}
Event: 8.052 GC heap before
{Heap before GC invocations=12 (full 2):
 PSYoungGen      total 135168K, used 12796K [0x00000000d5d80000, 0x00000000dfb80000, 0x0000000100000000)
  eden space 122368K, 0% used [0x00000000d5d80000,0x00000000d5d80000,0x00000000dd500000)
  from space 12800K, 99% used [0x00000000def00000,0x00000000dfb7f030,0x00000000dfb80000)
  to   space 12288K, 0% used [0x00000000dd500000,0x00000000dd500000,0x00000000de100000)
 ParOldGen       total 68096K, used 11570K [0x0000000081800000, 0x0000000085a80000, 0x00000000d5d80000)
  object space 68096K, 16% used [0x0000000081800000,0x000000008234ca68,0x0000000085a80000)
 Metaspace       used 34856K, capacity 35220K, committed 35496K, reserved 1081344K
  class space    used 4418K, capacity 4520K, committed 4608K, reserved 1048576K
Event: 8.221 GC heap after
Heap after GC invocations=12 (full 2):
 PSYoungGen      total 135168K, used 0K [0x00000000d5d80000, 0x00000000dfb80000, 0x0000000100000000)
  eden space 122368K, 0% used [0x00000000d5d80000,0x00000000d5d80000,0x00000000dd500000)
  from space 12800K, 0% used [0x00000000def00000,0x00000000def00000,0x00000000dfb80000)
  to   space 12288K, 0% used [0x00000000dd500000,0x00000000dd500000,0x00000000de100000)
 ParOldGen       total 68096K, used 22683K [0x0000000081800000, 0x0000000085a80000, 0x00000000d5d80000)
  object space 68096K, 33% used [0x0000000081800000,0x0000000082e26cc0,0x0000000085a80000)
 Metaspace       used 34856K, capacity 35220K, committed 35496K, reserved 1081344K
  class space    used 4418K, capacity 4520K, committed 4608K, reserved 1048576K
}

Deoptimization events (10 events):
Event: 8.911 Thread 0x0000000019a93800 Uncommon trap: reason=bimorphic action=maybe_recompile pc=0x0000000003291868 method=java.util.regex.Pattern$Curly.match0(Ljava/util/regex/Matcher;IILjava/lang/CharSequence;)Z @ 31
Event: 8.930 Thread 0x0000000019a93800 Uncommon trap: reason=predicate action=maybe_recompile pc=0x0000000002a2ea44 method=java.util.AbstractCollection.addAll(Ljava/util/Collection;)Z @ 18
Event: 8.976 Thread 0x0000000019a93800 Uncommon trap: reason=class_check action=maybe_recompile pc=0x00000000034d4114 method=java.util.AbstractList$Itr.hasNext()Z @ 8
Event: 9.045 Thread 0x0000000019a93800 Uncommon trap: reason=bimorphic action=maybe_recompile pc=0x000000000359c684 method=java.lang.ClassLoader.loadClass(Ljava/lang/String;Z)Ljava/lang/Class; @ 2
Event: 9.172 Thread 0x0000000019a93800 Uncommon trap: reason=null_check action=make_not_entrant pc=0x0000000002a6daa0 method=java.lang.Class.createAnnotationData(I)Ljava/lang/Class$AnnotationData; @ 14
Event: 9.322 Thread 0x0000000019a93800 Uncommon trap: reason=unstable_if action=reinterpret pc=0x00000000029ed5e8 method=java.lang.reflect.Method.invoke(Ljava/lang/Object;[Ljava/lang/Object;)Ljava/lang/Object; @ 18
Event: 9.434 Thread 0x0000000019a93800 Uncommon trap: reason=unstable_if action=reinterpret pc=0x0000000002e5e708 method=java.util.HashMap.putVal(ILjava/lang/Object;Ljava/lang/Object;ZZ)Ljava/lang/Object; @ 162
Event: 9.434 Thread 0x0000000019a93800 Uncommon trap: reason=unstable_if action=reinterpret pc=0x0000000002cf87ac method=java.util.HashMap.getNode(ILjava/lang/Object;)Ljava/util/HashMap$Node; @ 84
Event: 9.434 Thread 0x0000000019a93800 Uncommon trap: reason=unstable_if action=reinterpret pc=0x0000000002af959c method=java.util.HashMap.getNode(ILjava/lang/Object;)Ljava/util/HashMap$Node; @ 84
Event: 9.435 Thread 0x0000000019a93800 Uncommon trap: reason=unstable_if action=reinterpret pc=0x0000000002dd83f4 method=java.util.HashMap.resize()[Ljava/util/HashMap$Node; @ 206

Classes redefined (0 events):
No events

Internal exceptions (10 events):
Event: 7.626 Thread 0x0000000019a93800 Exception <a 'java/lang/ClassNotFoundException': org/springframework/context/weaving/LoadTimeWeaverAwareCustomizer> (0x00000000da5f9ac8) thrown at [C:\re\workspace\8-2-build-windows-amd64-cygwin\jdk8u221\13320\hotspot\src\share\vm\classfile\systemDictiona
Event: 7.627 Thread 0x0000000019a93800 Exception <a 'java/lang/ClassNotFoundException': org/springframework/beans/factory/FactoryBeanCustomizer> (0x00000000da6107a0) thrown at [C:\re\workspace\8-2-build-windows-amd64-cygwin\jdk8u221\13320\hotspot\src\share\vm\classfile\systemDictionary.cpp, li
Event: 7.628 Thread 0x0000000019a93800 Exception <a 'java/lang/ClassNotFoundException': org/springframework/beans/factory/BeanClassLoaderAwareCustomizer> (0x00000000da62c640) thrown at [C:\re\workspace\8-2-build-windows-amd64-cygwin\jdk8u221\13320\hotspot\src\share\vm\classfile\systemDictionar
Event: 7.628 Thread 0x0000000019a93800 Exception <a 'java/lang/ClassNotFoundException': org/springframework/beans/factory/BeanFactoryAwareCustomizer> (0x00000000da644500) thrown at [C:\re\workspace\8-2-build-windows-amd64-cygwin\jdk8u221\13320\hotspot\src\share\vm\classfile\systemDictionary.cp
Event: 7.629 Thread 0x0000000019a93800 Exception <a 'java/lang/ClassNotFoundException': org/springframework/beans/factory/BeanNameAwareCustomizer> (0x00000000da65b9e8) thrown at [C:\re\workspace\8-2-build-windows-amd64-cygwin\jdk8u221\13320\hotspot\src\share\vm\classfile\systemDictionary.cpp, 
Event: 7.630 Thread 0x0000000019a93800 Exception <a 'java/lang/ClassNotFoundException': org/springframework/beans/factory/InitializingBeanCustomizer> (0x00000000da6737c8) thrown at [C:\re\workspace\8-2-build-windows-amd64-cygwin\jdk8u221\13320\hotspot\src\share\vm\classfile\systemDictionary.cp
Event: 7.631 Thread 0x0000000019a93800 Exception <a 'java/lang/ClassNotFoundException': org/springframework/beans/factory/DisposableBeanCustomizer> (0x00000000da689e88) thrown at [C:\re\workspace\8-2-build-windows-amd64-cygwin\jdk8u221\13320\hotspot\src\share\vm\classfile\systemDictionary.cpp,
Event: 7.631 Thread 0x0000000019a93800 Exception <a 'java/lang/ClassNotFoundException': org/springframework/orm/jpa/EntityManagerFactoryInfoCustomizer> (0x00000000da6a1a30) thrown at [C:\re\workspace\8-2-build-windows-amd64-cygwin\jdk8u221\13320\hotspot\src\share\vm\classfile\systemDictionary.
Event: 7.632 Thread 0x0000000019a93800 Exception <a 'java/lang/ClassNotFoundException': org/springframework/dao/support/PersistenceExceptionTranslatorCustomizer> (0x00000000da6c5548) thrown at [C:\re\workspace\8-2-build-windows-amd64-cygwin\jdk8u221\13320\hotspot\src\share\vm\classfile\systemD
Event: 7.633 Thread 0x0000000019a93800 Exception <a 'java/lang/ClassNotFoundException': java/io/SerializableCustomizer> (0x00000000da6ce968) thrown at [C:\re\workspace\8-2-build-windows-amd64-cygwin\jdk8u221\13320\hotspot\src\share\vm\classfile\systemDictionary.cpp, line 210]

Events (10 events):
Event: 9.479 loading class org/hibernate/loader/plan/exec/query/spi/QueryBuildingParameters
Event: 9.479 loading class org/hibernate/loader/plan/exec/query/spi/QueryBuildingParameters done
Event: 9.480 loading class org/hibernate/loader/plan/exec/query/internal/QueryBuildingParametersImpl
Event: 9.480 loading class org/hibernate/loader/plan/exec/query/internal/QueryBuildingParametersImpl done
Event: 9.480 loading class org/hibernate/loader/plan/build/internal/FetchStyleLoadPlanBuildingAssociationVisitationStrategy
Event: 9.480 loading class org/hibernate/loader/plan/build/internal/FetchStyleLoadPlanBuildingAssociationVisitationStrategy done
Event: 9.481 loading class org/hibernate/loader/plan/build/internal/AbstractLoadPlanBuildingAssociationVisitationStrategy
Event: 9.481 loading class org/hibernate/loader/plan/build/internal/AbstractLoadPlanBuildingAssociationVisitationStrategy done
Event: 9.481 loading class org/hibernate/loader/plan/build/spi/LoadPlanBuildingContext
Event: 9.481 loading class org/hibernate/loader/plan/build/spi/LoadPlanBuildingContext done


Dynamic libraries:
0x00007ff73e220000 - 0x00007ff73e257000 	C:\Program Files\Java\jre1.8.0_221\bin\javaw.exe
0x00007ffb8d5b0000 - 0x00007ffb8d75d000 	C:\Windows\SYSTEM32\ntdll.dll
0x00007ffb8ad00000 - 0x00007ffb8ae3f000 	C:\Windows\system32\KERNEL32.DLL
0x00007ffb8aac0000 - 0x00007ffb8abd6000 	C:\Windows\system32\KERNELBASE.dll
0x00007ffb892a0000 - 0x00007ffb8932e000 	C:\Windows\system32\apphelp.dll
0x00007ffb62800000 - 0x00007ffb62855000 	C:\Windows\AppPatch\AppPatch64\AcGenral.DLL
0x00007ffb8cdb0000 - 0x00007ffb8ce5a000 	C:\Windows\system32\msvcrt.dll
0x00007ffb8a990000 - 0x00007ffb8a9be000 	C:\Windows\system32\SspiCli.dll
0x00007ffb8d4f0000 - 0x00007ffb8d544000 	C:\Windows\system32\SHLWAPI.dll
0x00007ffb8c780000 - 0x00007ffb8c8f7000 	C:\Windows\system32\USER32.dll
0x00007ffb8d020000 - 0x00007ffb8d1b4000 	C:\Windows\system32\ole32.dll
0x00007ffb8b230000 - 0x00007ffb8c75b000 	C:\Windows\system32\SHELL32.dll
0x00007ffb89d20000 - 0x00007ffb89d41000 	C:\Windows\SYSTEM32\USERENV.dll
0x00007ffb8c970000 - 0x00007ffb8ca1a000 	C:\Windows\system32\ADVAPI32.dll
0x00007ffb824c0000 - 0x00007ffb824de000 	C:\Windows\SYSTEM32\MPR.dll
0x00007ffb8b0f0000 - 0x00007ffb8b230000 	C:\Windows\system32\RPCRT4.dll
0x00007ffb8d550000 - 0x00007ffb8d5a9000 	C:\Windows\SYSTEM32\sechost.dll
0x00007ffb8ae40000 - 0x00007ffb8b050000 	C:\Windows\SYSTEM32\combase.dll
0x00007ffb8d3a0000 - 0x00007ffb8d4ec000 	C:\Windows\system32\GDI32.dll
0x00007ffb8a6e0000 - 0x00007ffb8a6f5000 	C:\Windows\SYSTEM32\profapi.dll
0x00007ffb86430000 - 0x00007ffb864e2000 	C:\Windows\SYSTEM32\SHCORE.dll
0x00007ffb8ca20000 - 0x00007ffb8ca56000 	C:\Windows\system32\IMM32.DLL
0x00007ffb8ca60000 - 0x00007ffb8cbb2000 	C:\Windows\system32\MSCTF.dll
0x00007ffb859f0000 - 0x00007ffb85c6b000 	C:\Windows\WinSxS\amd64_microsoft.windows.common-controls_6595b64144ccf1df_6.0.9600.19394_none_62486577ecb635cf\COMCTL32.dll
0x0000000056c50000 - 0x0000000056d22000 	C:\Program Files\Java\jre1.8.0_221\bin\msvcr100.dll
0x0000000055c40000 - 0x00000000564e5000 	C:\Program Files\Java\jre1.8.0_221\bin\server\jvm.dll
0x00007ffb73e10000 - 0x00007ffb73e19000 	C:\Windows\SYSTEM32\WSOCK32.dll
0x00007ffb7c680000 - 0x00007ffb7c6a2000 	C:\Windows\SYSTEM32\WINMM.dll
0x00007ffb82f40000 - 0x00007ffb82f4a000 	C:\Windows\SYSTEM32\VERSION.dll
0x00007ffb8c760000 - 0x00007ffb8c767000 	C:\Windows\system32\PSAPI.DLL
0x00007ffb8cc80000 - 0x00007ffb8ccda000 	C:\Windows\system32\WS2_32.dll
0x00007ffb7c650000 - 0x00007ffb7c67a000 	C:\Windows\SYSTEM32\WINMMBASE.dll
0x00007ffb8b060000 - 0x00007ffb8b069000 	C:\Windows\system32\NSI.dll
0x00007ffb8aa70000 - 0x00007ffb8aabf000 	C:\Windows\SYSTEM32\cfgmgr32.dll
0x00007ffb89520000 - 0x00007ffb89548000 	C:\Windows\SYSTEM32\DEVOBJ.dll
0x00007ffb85310000 - 0x00007ffb8531f000 	C:\Program Files\Java\jre1.8.0_221\bin\verify.dll
0x00007ffb69e00000 - 0x00007ffb69e29000 	C:\Program Files\Java\jre1.8.0_221\bin\java.dll
0x00007ffb74410000 - 0x00007ffb74426000 	C:\Program Files\Java\jre1.8.0_221\bin\zip.dll
0x00007ffb76910000 - 0x00007ffb7691d000 	C:\Program Files\Java\jre1.8.0_221\bin\management.dll
0x00007ffb72740000 - 0x00007ffb7275a000 	C:\Program Files\Java\jre1.8.0_221\bin\net.dll
0x00007ffb84300000 - 0x00007ffb8448a000 	C:\Windows\SYSTEM32\urlmon.dll
0x00007ffb84030000 - 0x00007ffb842fc000 	C:\Windows\SYSTEM32\iertutil.dll
0x00007ffb83b80000 - 0x00007ffb8402c000 	C:\Windows\SYSTEM32\WININET.dll
0x00007ffb89f90000 - 0x00007ffb89fe9000 	C:\Windows\system32\mswsock.dll
0x00007ffb76390000 - 0x00007ffb763a5000 	C:\Windows\system32\napinsp.dll
0x00007ffb763b0000 - 0x00007ffb763ca000 	C:\Windows\system32\pnrpnsp.dll
0x00007ffb84ee0000 - 0x00007ffb84efb000 	C:\Windows\system32\NLAapi.dll
0x00007ffb89d90000 - 0x00007ffb89e34000 	C:\Windows\SYSTEM32\DNSAPI.dll
0x00007ffb763d0000 - 0x00007ffb763dd000 	C:\Windows\System32\winrnr.dll
0x00007ffb763e0000 - 0x00007ffb763f4000 	C:\Windows\system32\wshbth.dll
0x00007ffb774c0000 - 0x00007ffb774ca000 	C:\Windows\System32\rasadhlp.dll
0x00007ffb84cf0000 - 0x00007ffb84d1a000 	C:\Windows\SYSTEM32\IPHLPAPI.DLL
0x00007ffb84cd0000 - 0x00007ffb84cda000 	C:\Windows\SYSTEM32\WINNSI.DLL
0x00007ffb84b50000 - 0x00007ffb84bbb000 	C:\Windows\System32\fwpuclnt.dll
0x00007ffb69de0000 - 0x00007ffb69df2000 	C:\Program Files\Java\jre1.8.0_221\bin\nio.dll
0x00007ffb89ff0000 - 0x00007ffb8a010000 	C:\Windows\SYSTEM32\CRYPTSP.dll
0x00007ffb89c10000 - 0x00007ffb89c46000 	C:\Windows\system32\rsaenh.dll
0x00007ffb8a290000 - 0x00007ffb8a2b6000 	C:\Windows\SYSTEM32\bcrypt.dll
0x00007ffb8a5b0000 - 0x00007ffb8a613000 	C:\Windows\system32\bcryptprimitives.dll
0x00007ffb8a620000 - 0x00007ffb8a62b000 	C:\Windows\SYSTEM32\CRYPTBASE.dll
0x00007ffb84b20000 - 0x00007ffb84b36000 	C:\Windows\SYSTEM32\dhcpcsvc6.DLL
0x00007ffb848c0000 - 0x00007ffb848da000 	C:\Windows\SYSTEM32\dhcpcsvc.DLL

VM Arguments:
jvm_args: -Dfile.encoding=UTF-8 
java_command: org.opendevup.TpSpringMvcApplication
java_class_path (initial): C:\Program Files\Java\jre1.8.0_221\lib\resources.jar;C:\Program Files\Java\jre1.8.0_221\lib\rt.jar;C:\Program Files\Java\jre1.8.0_221\lib\jsse.jar;C:\Program Files\Java\jre1.8.0_221\lib\jce.jar;C:\Program Files\Java\jre1.8.0_221\lib\charsets.jar;C:\Program Files\Java\jre1.8.0_221\lib\jfr.jar;C:\Program Files\Java\jre1.8.0_221\lib\ext\access-bridge-64.jar;C:\Program Files\Java\jre1.8.0_221\lib\ext\cldrdata.jar;C:\Program Files\Java\jre1.8.0_221\lib\ext\dnsns.jar;C:\Program Files\Java\jre1.8.0_221\lib\ext\jaccess.jar;C:\Program Files\Java\jre1.8.0_221\lib\ext\jfxrt.jar;C:\Program Files\Java\jre1.8.0_221\lib\ext\localedata.jar;C:\Program Files\Java\jre1.8.0_221\lib\ext\nashorn.jar;C:\Program Files\Java\jre1.8.0_221\lib\ext\sunec.jar;C:\Program Files\Java\jre1.8.0_221\lib\ext\sunjce_provider.jar;C:\Program Files\Java\jre1.8.0_221\lib\ext\sunmscapi.jar;C:\Program Files\Java\jre1.8.0_221\lib\ext\sunpkcs11.jar;C:\Program Files\Java\jre1.8.0_221\lib\ext\zipfs.jar;C:\Users\HP NOTEBOOK\Documents\workspace-sts-3.9.4.RELEASE\tp-spring-mvc\target\classes;C:\Users\HP NOTEBOOK\.m2\repository\org\springframework\boot\spring-boot-starter-data-jpa\1.4.3.RELEASE\spring-boot-starter-data-jpa-1.4.3.RELEASE.jar;C:\Users\HP NOTEBOOK\.m2\repository\org\springframework\boot\spring-boot-starter\1.4.3.RELEASE\spring-boot-starter-1.4.3.RELEASE.jar;C:\Users\HP NOTEBOOK\.m2\repository\org\springframework\boot\spring-boot-starter-logging\1.4.3.RELEASE\spring-boot-starter-logging-1.4.3.RELEASE.jar;C:\Users\HP NOTEBOOK\.m2\repository\ch\qos\logback\logback-classic\1.1.8\logback-classic-1.1.8.jar;C:\Users\HP NOTEBOOK\.m2\repository\ch\qos\logback\logback-core\1.1.8\logback-core-1.1.8.jar;C:\Users\HP NOTEBOOK\.m2\repository\org\slf4j\jul-to-slf4j\1.7.22\jul-to-slf4j-1.7.22.jar;C:\Users\HP NOTEBOOK\.m2\repository\org\slf4j\log4j-over-slf4j\1.7.22\log4j-over-slf4j-1.7.22.jar;C:\Users\HP NOTEBOOK\.m2\repository\org\yaml\snakeyaml\1.17\snakeyaml-1.17.jar;C:\Users\HP NOTEBOOK\
Launcher Type: SUN_STANDARD

Environment Variables:
JAVA_HOME=C:\Program Files\Java\jdk-10.0.1
PATH=C:/Program Files/Java/jre1.8.0_221/bin/server;C:/Program Files/Java/jre1.8.0_221/bin;C:/Program Files/Java/jre1.8.0_221/lib/amd64;C:\Program Files (x86)\Common Files\Oracle\Java\javapath;C:\cygwin64\bin;C:\Program Files\Microsoft SQL Server\130\Tools\Binn\;C:\Program Files\Microsoft SQL Server\Client SDK\ODBC\130\Tools\Binn\;C:\Program Files\Microsoft SQL Server\130\DTS\Binn\;C:\Program Files\IBM\SPSS\Statistics\25\JRE\bin;;C:\Program Files (x86)\Microsoft VS Code\bin;C:\Users\HP NOTEBOOK\AppData\Roaming\npm;C:\Users\HP NOTEBOOK\AppData\Local\Programs\Microsoft VS Code\bin;C:\Users\HP NOTEBOOK\Downloads\Compressed\spring-tool-suite-3.9.4.RELEASE-e4.7.3a-win32-x86_64_2\sts-bundle\sts-3.9.4.RELEASE;
USERNAME=HP NOTEBOOK
OS=Windows_NT
PROCESSOR_IDENTIFIER=Intel64 Family 6 Model 78 Stepping 3, GenuineIntel



---------------  S Y S T E M  ---------------

OS: Windows 8.1 , 64 bit Build 9600 (6.3.9600.19538)

CPU:total 4 (initial active 4) (2 cores per cpu, 2 threads per core) family 6 model 78 stepping 3, cmov, cx8, fxsr, mmx, sse, sse2, sse3, ssse3, sse4.1, sse4.2, popcnt, avx, avx2, aes, clmul, erms, 3dnowpref, lzcnt, ht, tsc, tscinvbit, bmi1, bmi2, adx

Memory: 4k page, physical 8285184k(1961892k free), swap 8809472k(5352k free)

vm_info: Java HotSpot(TM) 64-Bit Server VM (25.221-b11) for windows-amd64 JRE (1.8.0_221-b11), built on Jul  4 2019 04:39:29 by "java_re" with MS VC++ 10.0 (VS2010)

time: Thu Mar 26 00:10:21 2020
timezone: Paris, Madrid
elapsed time: 9 seconds (0d 0h 0m 9s)

