#
# There is insufficient memory for the Java Runtime Environment to continue.
# Native memory allocation (malloc) failed to allocate 1076016 bytes for Chunk::new
# Possible reasons:
#   The system is out of physical RAM or swap space
#   The process is running with CompressedOops enabled, and the Java Heap may be blocking the growth of the native heap
# Possible solutions:
#   Reduce memory load on the system
#   Increase physical memory or swap space
#   Check if swap backing store is full
#   Decrease Java heap size (-Xmx/-Xms)
#   Decrease number of Java threads
#   Decrease Java thread stack sizes (-Xss)
#   Set larger code cache with -XX:ReservedCodeCacheSize=
#   JVM is running with Unscaled Compressed Oops mode in which the Java heap is
#     placed in the first 4GB address space. The Java Heap base address is the
#     maximum limit for the native heap growth. Please use -XX:HeapBaseMinAddress
#     to set the Java Heap base and to place the Java Heap above 4GB virtual address.
# This output file may be truncated or incomplete.
#
#  Out of Memory Error (allocation.cpp:389), pid=9268, tid=0x0000000000004068
#
# JRE version: Java(TM) SE Runtime Environment (8.0_221-b11) (build 1.8.0_221-b11)
# Java VM: Java HotSpot(TM) 64-Bit Server VM (25.221-b11 mixed mode windows-amd64 compressed oops)
# Failed to write core dump. Minidumps are not enabled by default on client versions of Windows
#

---------------  T H R E A D  ---------------

Current thread (0x0000000016ea9000):  JavaThread "C2 CompilerThread1" daemon [_thread_in_native, id=16488, stack(0x00000000185a0000,0x00000000186a0000)]

Stack: [0x00000000185a0000,0x00000000186a0000]
[error occurred during error reporting (printing stack bounds), id 0xc0000005]

Native frames: (J=compiled Java code, j=interpreted, Vv=VM code, C=native code)


Current CompileTask:
C2:   8708 4098   !   4       java.net.URL::<init> (543 bytes)


---------------  P R O C E S S  ---------------

Java Threads: ( => current thread )
  0x0000000018a8d000 JavaThread "Abandoned connection cleanup thread" daemon [_thread_blocked, id=18892, stack(0x0000000020460000,0x0000000020560000)]
  0x0000000018a89000 JavaThread "Tomcat JDBC Pool Cleaner[705927765:1585067958539]" daemon [_thread_blocked, id=20320, stack(0x0000000020360000,0x0000000020460000)]
  0x0000000019baf000 JavaThread "container-0" [_thread_blocked, id=8388, stack(0x000000001f200000,0x000000001f300000)]
  0x0000000019424000 JavaThread "ContainerBackgroundProcessor[StandardEngine[Tomcat]]" daemon [_thread_blocked, id=17868, stack(0x000000001efd0000,0x000000001f0d0000)]
  0x0000000018fe2800 JavaThread "localhost-startStop-1" daemon [_thread_blocked, id=19512, stack(0x000000001f100000,0x000000001f200000)]
  0x000000001e1c7000 JavaThread "Tomcat-startStop-1" daemon [_thread_blocked, id=19708, stack(0x000000001ad60000,0x000000001ae60000)]
  0x00000000190fe000 JavaThread "restartedMain" [_thread_in_Java, id=14036, stack(0x000000001a780000,0x000000001a880000)]
  0x00000000198ee000 JavaThread "Thread-0" [_thread_blocked, id=13056, stack(0x000000001a680000,0x000000001a780000)]
  0x0000000018729000 JavaThread "Service Thread" daemon [_thread_blocked, id=9736, stack(0x0000000018ba0000,0x0000000018ca0000)]
  0x0000000016eae800 JavaThread "C1 CompilerThread2" daemon [_thread_blocked, id=11148, stack(0x0000000018aa0000,0x0000000018ba0000)]
=>0x0000000016ea9000 JavaThread "C2 CompilerThread1" daemon [_thread_in_native, id=16488, stack(0x00000000185a0000,0x00000000186a0000)]
  0x0000000016ea7000 JavaThread "C2 CompilerThread0" daemon [_thread_in_native, id=6316, stack(0x00000000184a0000,0x00000000185a0000)]
  0x0000000016ea1800 JavaThread "Attach Listener" daemon [_thread_blocked, id=4460, stack(0x00000000183a0000,0x00000000184a0000)]
  0x0000000016ea0800 JavaThread "Signal Dispatcher" daemon [_thread_blocked, id=15208, stack(0x00000000182a0000,0x00000000183a0000)]
  0x00000000022fd800 JavaThread "Finalizer" daemon [_thread_blocked, id=19912, stack(0x00000000180a0000,0x00000000181a0000)]
  0x00000000022f4800 JavaThread "Reference Handler" daemon [_thread_blocked, id=16424, stack(0x0000000017fa0000,0x00000000180a0000)]
  0x0000000002205800 JavaThread "main" [_thread_blocked, id=8256, stack(0x0000000002020000,0x0000000002120000)]

Other Threads:
  0x0000000016e18000 VMThread [stack: 0x0000000017ea0000,0x0000000017fa0000] [id=19860]
  0x000000001875d800 WatcherThread [stack: 0x0000000018ca0000,0x0000000018da0000] [id=3668]

VM state:not at safepoint (normal execution)

VM Mutex/Monitor currently owned by a thread: None

heap address: 0x0000000081800000, size: 2024 MB, Compressed Oops mode: 32-bit
Narrow klass base: 0x0000000000000000, Narrow klass shift: 3
Compressed class space size: 1073741824 Address: 0x0000000100000000

Heap:
 PSYoungGen      total 136192K, used 55399K [0x00000000d5d80000, 0x00000000e0e00000, 0x0000000100000000)
  eden space 121856K, 45% used [0x00000000d5d80000,0x00000000d9399fb8,0x00000000dd480000)
  from space 14336K, 0% used [0x00000000e0000000,0x00000000e0000000,0x00000000e0e00000)
  to   space 12288K, 0% used [0x00000000dd480000,0x00000000dd480000,0x00000000de080000)
 ParOldGen       total 68096K, used 22641K [0x0000000081800000, 0x0000000085a80000, 0x00000000d5d80000)
  object space 68096K, 33% used [0x0000000081800000,0x0000000082e1c518,0x0000000085a80000)
 Metaspace       used 42169K, capacity 42600K, committed 43008K, reserved 1087488K
  class space    used 5419K, capacity 5549K, committed 5632K, reserved 1048576K

Card table byte_map: [0x00000000116c0000,0x0000000011ac0000] byte_map_base: 0x00000000112b4000

Marking Bits: (ParMarkBitMap*) 0x0000000060835ce0
 Begin Bits: [0x0000000012170000, 0x0000000014110000)
 End Bits:   [0x0000000014110000, 0x00000000160b0000)

Polling page: 0x00000000005b0000

CodeCache: size=245760Kb used=13099Kb max_used=13114Kb free=232660Kb
 bounds [0x0000000002300000, 0x0000000002ff0000, 0x0000000011300000]
 total_blobs=4052 nmethods=3553 adapters=411
 compilation: enabled

Compilation events (10 events):
Event: 8.667 Thread 0x0000000016eae800 nmethod 4154 0x00000000024c4cd0 code [0x00000000024c4e20, 0x00000000024c4f30]
Event: 8.667 Thread 0x0000000016eae800 4156       3       javassist.bytecode.Bytecode::addAload (56 bytes)
Event: 8.668 Thread 0x0000000016eae800 nmethod 4156 0x0000000002e86410 code [0x0000000002e86700, 0x0000000002e878f8]
Event: 8.668 Thread 0x0000000016eae800 4158       1       java.util.Collections::emptyList (4 bytes)
Event: 8.668 Thread 0x0000000016eae800 nmethod 4158 0x00000000024c4a50 code [0x00000000024c4ba0, 0x00000000024c4c90]
Event: 8.668 Thread 0x0000000016eae800 4157       3       org.hibernate.internal.util.collections.JoinedIterator::updateCurrentIterator (101 bytes)
Event: 8.668 Thread 0x0000000016eae800 nmethod 4157 0x00000000024c4110 code [0x00000000024c42c0, 0x00000000024c4848]
Event: 8.671 Thread 0x0000000016ea7000 4159       4       java.security.CodeSource::hashCode (17 bytes)
Event: 8.695 Thread 0x0000000016ea7000 nmethod 4159 0x0000000002e7f790 code [0x0000000002e7fa80, 0x0000000002e80d50]
Event: 8.695 Thread 0x0000000016ea7000 4160       4       java.lang.ClassLoader::defineClass (43 bytes)

GC Heap History (10 events):
Event: 3.722 GC heap before
{Heap before GC invocations=8 (full 1):
 PSYoungGen      total 97792K, used 97729K [0x00000000d5d80000, 0x00000000dec80000, 0x0000000100000000)
  eden space 95744K, 100% used [0x00000000d5d80000,0x00000000dbb00000,0x00000000dbb00000)
  from space 2048K, 96% used [0x00000000dea80000,0x00000000dec706f0,0x00000000dec80000)
  to   space 12288K, 0% used [0x00000000dd480000,0x00000000dd480000,0x00000000de080000)
 ParOldGen       total 68096K, used 11037K [0x0000000081800000, 0x0000000085a80000, 0x00000000d5d80000)
  object space 68096K, 16% used [0x0000000081800000,0x00000000822c7560,0x0000000085a80000)
 Metaspace       used 22144K, capacity 22434K, committed 22704K, reserved 1069056K
  class space    used 2714K, capacity 2798K, committed 2816K, reserved 1048576K
Event: 3.735 GC heap after
Heap after GC invocations=8 (full 1):
 PSYoungGen      total 134144K, used 8855K [0x00000000d5d80000, 0x00000000dfd80000, 0x0000000100000000)
  eden space 121856K, 0% used [0x00000000d5d80000,0x00000000d5d80000,0x00000000dd480000)
  from space 12288K, 72% used [0x00000000dd480000,0x00000000ddd25c30,0x00000000de080000)
  to   space 12800K, 0% used [0x00000000df100000,0x00000000df100000,0x00000000dfd80000)
 ParOldGen       total 68096K, used 11045K [0x0000000081800000, 0x0000000085a80000, 0x00000000d5d80000)
  object space 68096K, 16% used [0x0000000081800000,0x00000000822c9560,0x0000000085a80000)
 Metaspace       used 22144K, capacity 22434K, committed 22704K, reserved 1069056K
  class space    used 2714K, capacity 2798K, committed 2816K, reserved 1048576K
}
Event: 5.159 GC heap before
{Heap before GC invocations=9 (full 1):
 PSYoungGen      total 134144K, used 130711K [0x00000000d5d80000, 0x00000000dfd80000, 0x0000000100000000)
  eden space 121856K, 100% used [0x00000000d5d80000,0x00000000dd480000,0x00000000dd480000)
  from space 12288K, 72% used [0x00000000dd480000,0x00000000ddd25c30,0x00000000de080000)
  to   space 12800K, 0% used [0x00000000df100000,0x00000000df100000,0x00000000dfd80000)
 ParOldGen       total 68096K, used 11045K [0x0000000081800000, 0x0000000085a80000, 0x00000000d5d80000)
  object space 68096K, 16% used [0x0000000081800000,0x00000000822c9560,0x0000000085a80000)
 Metaspace       used 25927K, capacity 26278K, committed 26368K, reserved 1073152K
  class space    used 3230K, capacity 3323K, committed 3328K, reserved 1048576K
Event: 5.173 GC heap after
Heap after GC invocations=9 (full 1):
 PSYoungGen      total 134656K, used 9116K [0x00000000d5d80000, 0x00000000dfd80000, 0x0000000100000000)
  eden space 121856K, 0% used [0x00000000d5d80000,0x00000000d5d80000,0x00000000dd480000)
  from space 12800K, 71% used [0x00000000df100000,0x00000000df9e7238,0x00000000dfd80000)
  to   space 12288K, 0% used [0x00000000dd480000,0x00000000dd480000,0x00000000de080000)
 ParOldGen       total 68096K, used 11053K [0x0000000081800000, 0x0000000085a80000, 0x00000000d5d80000)
  object space 68096K, 16% used [0x0000000081800000,0x00000000822cb560,0x0000000085a80000)
 Metaspace       used 25927K, capacity 26278K, committed 26368K, reserved 1073152K
  class space    used 3230K, capacity 3323K, committed 3328K, reserved 1048576K
}
Event: 6.474 GC heap before
{Heap before GC invocations=10 (full 1):
 PSYoungGen      total 134656K, used 130972K [0x00000000d5d80000, 0x00000000dfd80000, 0x0000000100000000)
  eden space 121856K, 100% used [0x00000000d5d80000,0x00000000dd480000,0x00000000dd480000)
  from space 12800K, 71% used [0x00000000df100000,0x00000000df9e7238,0x00000000dfd80000)
  to   space 12288K, 0% used [0x00000000dd480000,0x00000000dd480000,0x00000000de080000)
 ParOldGen       total 68096K, used 11053K [0x0000000081800000, 0x0000000085a80000, 0x00000000d5d80000)
  object space 68096K, 16% used [0x0000000081800000,0x00000000822cb560,0x0000000085a80000)
 Metaspace       used 31205K, capacity 31574K, committed 32000K, reserved 1077248K
  class space    used 3879K, capacity 3971K, committed 4096K, reserved 1048576K
Event: 6.492 GC heap after
Heap after GC invocations=10 (full 1):
 PSYoungGen      total 134144K, used 11487K [0x00000000d5d80000, 0x00000000e0e00000, 0x0000000100000000)
  eden space 121856K, 0% used [0x00000000d5d80000,0x00000000d5d80000,0x00000000dd480000)
  from space 12288K, 93% used [0x00000000dd480000,0x00000000ddfb7e88,0x00000000de080000)
  to   space 14336K, 0% used [0x00000000e0000000,0x00000000e0000000,0x00000000e0e00000)
 ParOldGen       total 68096K, used 11061K [0x0000000081800000, 0x0000000085a80000, 0x00000000d5d80000)
  object space 68096K, 16% used [0x0000000081800000,0x00000000822cd560,0x0000000085a80000)
 Metaspace       used 31205K, capacity 31574K, committed 32000K, reserved 1077248K
  class space    used 3879K, capacity 3971K, committed 4096K, reserved 1048576K
}
Event: 7.551 GC heap before
{Heap before GC invocations=11 (full 1):
 PSYoungGen      total 134144K, used 106267K [0x00000000d5d80000, 0x00000000e0e00000, 0x0000000100000000)
  eden space 121856K, 77% used [0x00000000d5d80000,0x00000000dba0ee20,0x00000000dd480000)
  from space 12288K, 93% used [0x00000000dd480000,0x00000000ddfb7e88,0x00000000de080000)
  to   space 14336K, 0% used [0x00000000e0000000,0x00000000e0000000,0x00000000e0e00000)
 ParOldGen       total 68096K, used 11061K [0x0000000081800000, 0x0000000085a80000, 0x00000000d5d80000)
  object space 68096K, 16% used [0x0000000081800000,0x00000000822cd560,0x0000000085a80000)
 Metaspace       used 34856K, capacity 35220K, committed 35496K, reserved 1081344K
  class space    used 4420K, capacity 4520K, committed 4608K, reserved 1048576K
Event: 7.574 GC heap after
Heap after GC invocations=11 (full 1):
 PSYoungGen      total 136192K, used 13393K [0x00000000d5d80000, 0x00000000e0e00000, 0x0000000100000000)
  eden space 121856K, 0% used [0x00000000d5d80000,0x00000000d5d80000,0x00000000dd480000)
  from space 14336K, 93% used [0x00000000e0000000,0x00000000e0d146e8,0x00000000e0e00000)
  to   space 12288K, 0% used [0x00000000dd480000,0x00000000dd480000,0x00000000de080000)
 ParOldGen       total 68096K, used 11069K [0x0000000081800000, 0x0000000085a80000, 0x00000000d5d80000)
  object space 68096K, 16% used [0x0000000081800000,0x00000000822cf560,0x0000000085a80000)
 Metaspace       used 34856K, capacity 35220K, committed 35496K, reserved 1081344K
  class space    used 4420K, capacity 4520K, committed 4608K, reserved 1048576K
}
Event: 7.574 GC heap before
{Heap before GC invocations=12 (full 2):
 PSYoungGen      total 136192K, used 13393K [0x00000000d5d80000, 0x00000000e0e00000, 0x0000000100000000)
  eden space 121856K, 0% used [0x00000000d5d80000,0x00000000d5d80000,0x00000000dd480000)
  from space 14336K, 93% used [0x00000000e0000000,0x00000000e0d146e8,0x00000000e0e00000)
  to   space 12288K, 0% used [0x00000000dd480000,0x00000000dd480000,0x00000000de080000)
 ParOldGen       total 68096K, used 11069K [0x0000000081800000, 0x0000000085a80000, 0x00000000d5d80000)
  object space 68096K, 16% used [0x0000000081800000,0x00000000822cf560,0x0000000085a80000)
 Metaspace       used 34856K, capacity 35220K, committed 35496K, reserved 1081344K
  class space    used 4420K, capacity 4520K, committed 4608K, reserved 1048576K
Event: 7.704 GC heap after
Heap after GC invocations=12 (full 2):
 PSYoungGen      total 136192K, used 0K [0x00000000d5d80000, 0x00000000e0e00000, 0x0000000100000000)
  eden space 121856K, 0% used [0x00000000d5d80000,0x00000000d5d80000,0x00000000dd480000)
  from space 14336K, 0% used [0x00000000e0000000,0x00000000e0000000,0x00000000e0e00000)
  to   space 12288K, 0% used [0x00000000dd480000,0x00000000dd480000,0x00000000de080000)
 ParOldGen       total 68096K, used 22641K [0x0000000081800000, 0x0000000085a80000, 0x00000000d5d80000)
  object space 68096K, 33% used [0x0000000081800000,0x0000000082e1c518,0x0000000085a80000)
 Metaspace       used 34856K, capacity 35220K, committed 35496K, reserved 1081344K
  class space    used 4420K, capacity 4520K, committed 4608K, reserved 1048576K
}

Deoptimization events (10 events):
Event: 8.259 Thread 0x00000000190fe000 Uncommon trap: reason=class_check action=maybe_recompile pc=0x0000000002442544 method=java.util.AbstractList$Itr.next()Ljava/lang/Object; @ 14
Event: 8.313 Thread 0x00000000190fe000 Uncommon trap: reason=bimorphic action=maybe_recompile pc=0x0000000002c37450 method=java.lang.ClassLoader.loadClass(Ljava/lang/String;Z)Ljava/lang/Class; @ 2
Event: 8.318 Thread 0x00000000190fe000 Uncommon trap: reason=bimorphic action=maybe_recompile pc=0x0000000002c37450 method=java.lang.ClassLoader.loadClass(Ljava/lang/String;Z)Ljava/lang/Class; @ 2
Event: 8.399 Thread 0x00000000190fe000 Uncommon trap: reason=null_check action=make_not_entrant pc=0x0000000002e991e0 method=java.lang.Class.createAnnotationData(I)Ljava/lang/Class$AnnotationData; @ 14
Event: 8.527 Thread 0x00000000190fe000 Uncommon trap: reason=bimorphic action=maybe_recompile pc=0x0000000002c37450 method=java.lang.ClassLoader.loadClass(Ljava/lang/String;Z)Ljava/lang/Class; @ 2
Event: 8.531 Thread 0x00000000190fe000 Uncommon trap: reason=unstable_if action=reinterpret pc=0x0000000002a3b7e4 method=java.lang.reflect.Method.invoke(Ljava/lang/Object;[Ljava/lang/Object;)Ljava/lang/Object; @ 18
Event: 8.645 Thread 0x00000000190fe000 Uncommon trap: reason=unstable_if action=reinterpret pc=0x00000000028b4ccc method=java.util.HashMap.putVal(ILjava/lang/Object;Ljava/lang/Object;ZZ)Ljava/lang/Object; @ 162
Event: 8.645 Thread 0x00000000190fe000 Uncommon trap: reason=unstable_if action=reinterpret pc=0x00000000026ff92c method=java.util.HashMap.getNode(ILjava/lang/Object;)Ljava/util/HashMap$Node; @ 84
Event: 8.645 Thread 0x00000000190fe000 Uncommon trap: reason=unstable_if action=reinterpret pc=0x0000000002528b5c method=java.util.HashMap.getNode(ILjava/lang/Object;)Ljava/util/HashMap$Node; @ 84
Event: 8.646 Thread 0x00000000190fe000 Uncommon trap: reason=unstable_if action=reinterpret pc=0x0000000002826af4 method=java.util.HashMap.resize()[Ljava/util/HashMap$Node; @ 206

Classes redefined (0 events):
No events

Internal exceptions (10 events):
Event: 7.186 Thread 0x00000000190fe000 Exception <a 'java/lang/ClassNotFoundException': org/springframework/context/weaving/LoadTimeWeaverAwareCustomizer> (0x00000000da5c0628) thrown at [C:\re\workspace\8-2-build-windows-amd64-cygwin\jdk8u221\13320\hotspot\src\share\vm\classfile\systemDictiona
Event: 7.186 Thread 0x00000000190fe000 Exception <a 'java/lang/ClassNotFoundException': org/springframework/beans/factory/FactoryBeanCustomizer> (0x00000000da5d7300) thrown at [C:\re\workspace\8-2-build-windows-amd64-cygwin\jdk8u221\13320\hotspot\src\share\vm\classfile\systemDictionary.cpp, li
Event: 7.187 Thread 0x00000000190fe000 Exception <a 'java/lang/ClassNotFoundException': org/springframework/beans/factory/BeanClassLoaderAwareCustomizer> (0x00000000da5f31a0) thrown at [C:\re\workspace\8-2-build-windows-amd64-cygwin\jdk8u221\13320\hotspot\src\share\vm\classfile\systemDictionar
Event: 7.187 Thread 0x00000000190fe000 Exception <a 'java/lang/ClassNotFoundException': org/springframework/beans/factory/BeanFactoryAwareCustomizer> (0x00000000da60b060) thrown at [C:\re\workspace\8-2-build-windows-amd64-cygwin\jdk8u221\13320\hotspot\src\share\vm\classfile\systemDictionary.cp
Event: 7.188 Thread 0x00000000190fe000 Exception <a 'java/lang/ClassNotFoundException': org/springframework/beans/factory/BeanNameAwareCustomizer> (0x00000000da622548) thrown at [C:\re\workspace\8-2-build-windows-amd64-cygwin\jdk8u221\13320\hotspot\src\share\vm\classfile\systemDictionary.cpp, 
Event: 7.189 Thread 0x00000000190fe000 Exception <a 'java/lang/ClassNotFoundException': org/springframework/beans/factory/InitializingBeanCustomizer> (0x00000000da63a328) thrown at [C:\re\workspace\8-2-build-windows-amd64-cygwin\jdk8u221\13320\hotspot\src\share\vm\classfile\systemDictionary.cp
Event: 7.189 Thread 0x00000000190fe000 Exception <a 'java/lang/ClassNotFoundException': org/springframework/beans/factory/DisposableBeanCustomizer> (0x00000000da6509e8) thrown at [C:\re\workspace\8-2-build-windows-amd64-cygwin\jdk8u221\13320\hotspot\src\share\vm\classfile\systemDictionary.cpp,
Event: 7.190 Thread 0x00000000190fe000 Exception <a 'java/lang/ClassNotFoundException': org/springframework/orm/jpa/EntityManagerFactoryInfoCustomizer> (0x00000000da668590) thrown at [C:\re\workspace\8-2-build-windows-amd64-cygwin\jdk8u221\13320\hotspot\src\share\vm\classfile\systemDictionary.
Event: 7.190 Thread 0x00000000190fe000 Exception <a 'java/lang/ClassNotFoundException': org/springframework/dao/support/PersistenceExceptionTranslatorCustomizer> (0x00000000da68c0d0) thrown at [C:\re\workspace\8-2-build-windows-amd64-cygwin\jdk8u221\13320\hotspot\src\share\vm\classfile\systemD
Event: 7.191 Thread 0x00000000190fe000 Exception <a 'java/lang/ClassNotFoundException': java/io/SerializableCustomizer> (0x00000000da6954f0) thrown at [C:\re\workspace\8-2-build-windows-amd64-cygwin\jdk8u221\13320\hotspot\src\share\vm\classfile\systemDictionary.cpp, line 210]

Events (10 events):
Event: 8.701 loading class org/hibernate/loader/plan/build/internal/returns/NonEncapsulatedEntityIdentifierDescription
Event: 8.701 loading class org/hibernate/loader/plan/build/internal/returns/NonEncapsulatedEntityIdentifierDescription done
Event: 8.702 loading class org/hibernate/loader/plan/build/internal/spaces/EntityQuerySpaceImpl
Event: 8.702 loading class org/hibernate/loader/plan/build/internal/spaces/EntityQuerySpaceImpl done
Event: 8.702 loading class org/hibernate/loader/plan/build/internal/spaces/AbstractExpandingSourceQuerySpace
Event: 8.702 loading class org/hibernate/loader/plan/build/internal/spaces/AbstractExpandingSourceQuerySpace done
Event: 8.703 loading class org/hibernate/loader/plan/build/internal/spaces/AbstractQuerySpace
Event: 8.703 loading class org/hibernate/loader/plan/build/internal/spaces/AbstractQuerySpace done
Event: 8.703 loading class org/hibernate/loader/plan/spi/QuerySpace$Disposition
Event: 8.703 loading class org/hibernate/loader/plan/spi/QuerySpace$Disposition done


Dynamic libraries:
0x00007ff62e6d0000 - 0x00007ff62e707000 	C:\Program Files\Java\jre1.8.0_221\bin\javaw.exe
0x00007ff929c90000 - 0x00007ff929e3d000 	C:\Windows\SYSTEM32\ntdll.dll
0x00007ff929200000 - 0x00007ff92933f000 	C:\Windows\system32\KERNEL32.DLL
0x00007ff927100000 - 0x00007ff927216000 	C:\Windows\system32\KERNELBASE.dll
0x00007ff925980000 - 0x00007ff925a0e000 	C:\Windows\system32\apphelp.dll
0x00007ff8ff1f0000 - 0x00007ff8ff245000 	C:\Windows\AppPatch\AppPatch64\AcGenral.DLL
0x00007ff927480000 - 0x00007ff92752a000 	C:\Windows\system32\msvcrt.dll
0x00007ff926e90000 - 0x00007ff926ebe000 	C:\Windows\system32\SspiCli.dll
0x00007ff929550000 - 0x00007ff9295a4000 	C:\Windows\system32\SHLWAPI.dll
0x00007ff929b00000 - 0x00007ff929c77000 	C:\Windows\system32\USER32.dll
0x00007ff929960000 - 0x00007ff929af4000 	C:\Windows\system32\ole32.dll
0x00007ff927550000 - 0x00007ff928a7b000 	C:\Windows\system32\SHELL32.dll
0x00007ff926440000 - 0x00007ff926461000 	C:\Windows\SYSTEM32\USERENV.dll
0x00007ff9298b0000 - 0x00007ff92995a000 	C:\Windows\system32\ADVAPI32.dll
0x00007ff91ec70000 - 0x00007ff91ec8e000 	C:\Windows\SYSTEM32\MPR.dll
0x00007ff928e10000 - 0x00007ff928f50000 	C:\Windows\system32\RPCRT4.dll
0x00007ff929850000 - 0x00007ff9298a9000 	C:\Windows\SYSTEM32\sechost.dll
0x00007ff929340000 - 0x00007ff929550000 	C:\Windows\SYSTEM32\combase.dll
0x00007ff928c10000 - 0x00007ff928d5c000 	C:\Windows\system32\GDI32.dll
0x00007ff926dc0000 - 0x00007ff926dd5000 	C:\Windows\SYSTEM32\profapi.dll
0x00007ff9251a0000 - 0x00007ff925252000 	C:\Windows\SYSTEM32\SHCORE.dll
0x00007ff928dd0000 - 0x00007ff928e06000 	C:\Windows\system32\IMM32.DLL
0x00007ff927320000 - 0x00007ff927472000 	C:\Windows\system32\MSCTF.dll
0x00007ff9249c0000 - 0x00007ff924c3b000 	C:\Windows\WinSxS\amd64_microsoft.windows.common-controls_6595b64144ccf1df_6.0.9600.19394_none_62486577ecb635cf\COMCTL32.dll
0x000000005ff30000 - 0x0000000060002000 	C:\Program Files\Java\jre1.8.0_221\bin\msvcr100.dll
0x0000000060010000 - 0x00000000608b5000 	C:\Program Files\Java\jre1.8.0_221\bin\server\jvm.dll
0x00007ff910cb0000 - 0x00007ff910cb9000 	C:\Windows\SYSTEM32\WSOCK32.dll
0x00007ff918d60000 - 0x00007ff918d82000 	C:\Windows\SYSTEM32\WINMM.dll
0x00007ff91f490000 - 0x00007ff91f49a000 	C:\Windows\SYSTEM32\VERSION.dll
0x00007ff929c80000 - 0x00007ff929c87000 	C:\Windows\system32\PSAPI.DLL
0x00007ff9297f0000 - 0x00007ff92984a000 	C:\Windows\system32\WS2_32.dll
0x00007ff918d30000 - 0x00007ff918d5a000 	C:\Windows\SYSTEM32\WINMMBASE.dll
0x00007ff929770000 - 0x00007ff929779000 	C:\Windows\system32\NSI.dll
0x00007ff9272d0000 - 0x00007ff92731f000 	C:\Windows\SYSTEM32\cfgmgr32.dll
0x00007ff925c00000 - 0x00007ff925c28000 	C:\Windows\SYSTEM32\DEVOBJ.dll
0x00007ff91ec50000 - 0x00007ff91ec5f000 	C:\Program Files\Java\jre1.8.0_221\bin\verify.dll
0x00007ff8ff1b0000 - 0x00007ff8ff1d9000 	C:\Program Files\Java\jre1.8.0_221\bin\java.dll
0x00007ff911650000 - 0x00007ff911666000 	C:\Program Files\Java\jre1.8.0_221\bin\zip.dll
0x00007ff923270000 - 0x00007ff92327d000 	C:\Program Files\Java\jre1.8.0_221\bin\management.dll
0x00007ff909210000 - 0x00007ff90922a000 	C:\Program Files\Java\jre1.8.0_221\bin\net.dll
0x00007ff9209a0000 - 0x00007ff920b2a000 	C:\Windows\SYSTEM32\urlmon.dll
0x00007ff9206d0000 - 0x00007ff92099c000 	C:\Windows\SYSTEM32\iertutil.dll
0x00007ff920220000 - 0x00007ff9206cc000 	C:\Windows\SYSTEM32\WININET.dll
0x00007ff9265c0000 - 0x00007ff926619000 	C:\Windows\system32\mswsock.dll
0x00007ff912d40000 - 0x00007ff912d55000 	C:\Windows\system32\napinsp.dll
0x00007ff912d60000 - 0x00007ff912d7a000 	C:\Windows\system32\pnrpnsp.dll
0x00007ff924c40000 - 0x00007ff924c5b000 	C:\Windows\system32\NLAapi.dll
0x00007ff926380000 - 0x00007ff926424000 	C:\Windows\SYSTEM32\DNSAPI.dll
0x00007ff912d80000 - 0x00007ff912d8d000 	C:\Windows\System32\winrnr.dll
0x00007ff912d90000 - 0x00007ff912da4000 	C:\Windows\system32\wshbth.dll
0x00007ff9139b0000 - 0x00007ff9139ba000 	C:\Windows\System32\rasadhlp.dll
0x00007ff921ba0000 - 0x00007ff921bca000 	C:\Windows\SYSTEM32\IPHLPAPI.DLL
0x00007ff921b80000 - 0x00007ff921b8a000 	C:\Windows\SYSTEM32\WINNSI.DLL
0x00007ff9211f0000 - 0x00007ff92125b000 	C:\Windows\System32\fwpuclnt.dll
0x00007ff909100000 - 0x00007ff909112000 	C:\Program Files\Java\jre1.8.0_221\bin\nio.dll
0x00007ff926620000 - 0x00007ff926640000 	C:\Windows\SYSTEM32\CRYPTSP.dll
0x00007ff9262b0000 - 0x00007ff9262e6000 	C:\Windows\system32\rsaenh.dll
0x00007ff926860000 - 0x00007ff926886000 	C:\Windows\SYSTEM32\bcrypt.dll
0x00007ff926bc0000 - 0x00007ff926c23000 	C:\Windows\system32\bcryptprimitives.dll
0x00007ff926c30000 - 0x00007ff926c3b000 	C:\Windows\SYSTEM32\CRYPTBASE.dll
0x00007ff920f60000 - 0x00007ff920f76000 	C:\Windows\SYSTEM32\dhcpcsvc6.DLL
0x00007ff920f40000 - 0x00007ff920f5a000 	C:\Windows\SYSTEM32\dhcpcsvc.DLL

VM Arguments:
jvm_args: -Dfile.encoding=UTF-8 
java_command: org.opendevup.TpSpringMvcApplication
java_class_path (initial): C:\Program Files\Java\jre1.8.0_221\lib\resources.jar;C:\Program Files\Java\jre1.8.0_221\lib\rt.jar;C:\Program Files\Java\jre1.8.0_221\lib\jsse.jar;C:\Program Files\Java\jre1.8.0_221\lib\jce.jar;C:\Program Files\Java\jre1.8.0_221\lib\charsets.jar;C:\Program Files\Java\jre1.8.0_221\lib\jfr.jar;C:\Program Files\Java\jre1.8.0_221\lib\ext\access-bridge-64.jar;C:\Program Files\Java\jre1.8.0_221\lib\ext\cldrdata.jar;C:\Program Files\Java\jre1.8.0_221\lib\ext\dnsns.jar;C:\Program Files\Java\jre1.8.0_221\lib\ext\jaccess.jar;C:\Program Files\Java\jre1.8.0_221\lib\ext\jfxrt.jar;C:\Program Files\Java\jre1.8.0_221\lib\ext\localedata.jar;C:\Program Files\Java\jre1.8.0_221\lib\ext\nashorn.jar;C:\Program Files\Java\jre1.8.0_221\lib\ext\sunec.jar;C:\Program Files\Java\jre1.8.0_221\lib\ext\sunjce_provider.jar;C:\Program Files\Java\jre1.8.0_221\lib\ext\sunmscapi.jar;C:\Program Files\Java\jre1.8.0_221\lib\ext\sunpkcs11.jar;C:\Program Files\Java\jre1.8.0_221\lib\ext\zipfs.jar;C:\Users\HP NOTEBOOK\Documents\workspace-sts-3.9.4.RELEASE\tp-spring-mvc\target\classes;C:\Users\HP NOTEBOOK\.m2\repository\org\springframework\boot\spring-boot-starter-data-jpa\1.4.3.RELEASE\spring-boot-starter-data-jpa-1.4.3.RELEASE.jar;C:\Users\HP NOTEBOOK\.m2\repository\org\springframework\boot\spring-boot-starter\1.4.3.RELEASE\spring-boot-starter-1.4.3.RELEASE.jar;C:\Users\HP NOTEBOOK\.m2\repository\org\springframework\boot\spring-boot-starter-logging\1.4.3.RELEASE\spring-boot-starter-logging-1.4.3.RELEASE.jar;C:\Users\HP NOTEBOOK\.m2\repository\ch\qos\logback\logback-classic\1.1.8\logback-classic-1.1.8.jar;C:\Users\HP NOTEBOOK\.m2\repository\ch\qos\logback\logback-core\1.1.8\logback-core-1.1.8.jar;C:\Users\HP NOTEBOOK\.m2\repository\org\slf4j\jul-to-slf4j\1.7.22\jul-to-slf4j-1.7.22.jar;C:\Users\HP NOTEBOOK\.m2\repository\org\slf4j\log4j-over-slf4j\1.7.22\log4j-over-slf4j-1.7.22.jar;C:\Users\HP NOTEBOOK\.m2\repository\org\yaml\snakeyaml\1.17\snakeyaml-1.17.jar;C:\Users\HP NOTEBOOK\
Launcher Type: SUN_STANDARD

Environment Variables:
JAVA_HOME=C:\Program Files\Java\jdk-10.0.1
PATH=C:/Program Files/Java/jre1.8.0_221/bin/server;C:/Program Files/Java/jre1.8.0_221/bin;C:/Program Files/Java/jre1.8.0_221/lib/amd64;C:\Program Files (x86)\Common Files\Oracle\Java\javapath;C:\cygwin64\bin;C:\Program Files\Microsoft SQL Server\130\Tools\Binn\;C:\Program Files\Microsoft SQL Server\Client SDK\ODBC\130\Tools\Binn\;C:\Program Files\Microsoft SQL Server\130\DTS\Binn\;;C:\Program Files (x86)\Microsoft VS Code\bin;C:\Users\HP NOTEBOOK\AppData\Roaming\npm;C:\Users\HP NOTEBOOK\AppData\Local\Programs\Microsoft VS Code\bin;C:\Users\HP NOTEBOOK\Downloads\Compressed\spring-tool-suite-3.9.4.RELEASE-e4.7.3a-win32-x86_64_2\sts-bundle\sts-3.9.4.RELEASE;
USERNAME=HP NOTEBOOK
OS=Windows_NT
PROCESSOR_IDENTIFIER=Intel64 Family 6 Model 78 Stepping 3, GenuineIntel



---------------  S Y S T E M  ---------------

OS: Windows 8.1 , 64 bit Build 9600 (6.3.9600.19538)

CPU:total 4 (initial active 4) (2 cores per cpu, 2 threads per core) family 6 model 78 stepping 3, cmov, cx8, fxsr, mmx, sse, sse2, sse3, ssse3, sse4.1, sse4.2, popcnt, avx, avx2, aes, clmul, erms, 3dnowpref, lzcnt, ht, tsc, tscinvbit, bmi1, bmi2, adx

Memory: 4k page, physical 8285184k(2656024k free), swap 8809472k(5540k free)

vm_info: Java HotSpot(TM) 64-Bit Server VM (25.221-b11) for windows-amd64 JRE (1.8.0_221-b11), built on Jul  4 2019 04:39:29 by "java_re" with MS VC++ 10.0 (VS2010)

time: Tue Mar 24 17:39:19 2020
timezone: Paris, Madrid
elapsed time: 8 seconds (0d 0h 0m 8s)

